
    {
        Date: Mon Jun 12 2023 
        Time: 13:50:11 
        Label: [Right situation] 
        Level: info: Database is connected...
    }
    

    {
        Date: Mon Jun 12 2023 
        Time: 13:50:11 
        Label: [Right situation] 
        Level: info: Application is listening on port 5000
    }
    

    {
        Date: Mon Jun 12 2023 
        Time: 13:52:53 
        Label: [Right situation] 
        Level: info: Database is connected...
    }
    

    {
        Date: Mon Jun 12 2023 
        Time: 13:52:53 
        Label: [Right situation] 
        Level: info: Application is listening on port 5000
    }
    

    {
        Date: Mon Jun 12 2023 
        Time: 13:53:44 
        Label: [Right situation] 
        Level: info: Database is connected...
    }
    

    {
        Date: Mon Jun 12 2023 
        Time: 13:53:44 
        Label: [Right situation] 
        Level: info: Application is listening on port 5000
    }
    

    {
        Date: Mon Jun 12 2023 
        Time: 13:54:28 
        Label: [Right situation] 
        Level: info: Database is connected...
    }
    

    {
        Date: Mon Jun 12 2023 
        Time: 13:54:28 
        Label: [Right situation] 
        Level: info: Application is listening on port 5000
    }
    

    {
        Date: Mon Jun 12 2023 
        Time: 13:55:21 
        Label: [Right situation] 
        Level: info: Database is connected...
    }
    

    {
        Date: Mon Jun 12 2023 
        Time: 13:55:21 
        Label: [Right situation] 
        Level: info: Application is listening on port 5000
    }
    

    {
        Date: Mon Jun 12 2023 
        Time: 13:57:28 
        Label: [Right situation] 
        Level: info: Database is connected...
    }
    

    {
        Date: Mon Jun 12 2023 
        Time: 13:57:28 
        Label: [Right situation] 
        Level: info: Application is listening on port 5000
    }
    
