
    {
        Date: Mon Jun 12 2023 
        Time: 20:7:46 
        Label: [Right situation] 
        Level: info: Database is connected...
    }
    

    {
        Date: Mon Jun 12 2023 
        Time: 20:7:46 
        Label: [Right situation] 
        Level: info: Application is listening on port 5000
    }
    

    {
        Date: Mon Jun 12 2023 
        Time: 20:10:19 
        Label: [Right situation] 
        Level: info: Database is connected...
    }
    

    {
        Date: Mon Jun 12 2023 
        Time: 20:10:19 
        Label: [Right situation] 
        Level: info: Application is listening on port 5000
    }
    

    {
        Date: Mon Jun 12 2023 
        Time: 20:10:30 
        Label: [Right situation] 
        Level: info: Database is connected...
    }
    

    {
        Date: Mon Jun 12 2023 
        Time: 20:10:31 
        Label: [Right situation] 
        Level: info: Application is listening on port 5000
    }
    

    {
        Date: Mon Jun 12 2023 
        Time: 20:26:55 
        Label: [Right situation] 
        Level: info: Database is connected...
    }
    

    {
        Date: Mon Jun 12 2023 
        Time: 20:26:55 
        Label: [Right situation] 
        Level: info: Application is listening on port 5000
    }
    

    {
        Date: Mon Jun 12 2023 
        Time: 20:36:43 
        Label: [Right situation] 
        Level: info: Database is connected...
    }
    

    {
        Date: Mon Jun 12 2023 
        Time: 20:36:43 
        Label: [Right situation] 
        Level: info: Application is listening on port 5000
    }
    

    {
        Date: Mon Jun 12 2023 
        Time: 20:39:48 
        Label: [Right situation] 
        Level: info: Database is connected...
    }
    

    {
        Date: Mon Jun 12 2023 
        Time: 20:39:48 
        Label: [Right situation] 
        Level: info: Application is listening on port 5000
    }
    

    {
        Date: Mon Jun 12 2023 
        Time: 20:40:0 
        Label: [Right situation] 
        Level: info: Database is connected...
    }
    

    {
        Date: Mon Jun 12 2023 
        Time: 20:40:0 
        Label: [Right situation] 
        Level: info: Application is listening on port 5000
    }
    

    {
        Date: Mon Jun 12 2023 
        Time: 20:41:48 
        Label: [Right situation] 
        Level: info: Database is connected...
    }
    

    {
        Date: Mon Jun 12 2023 
        Time: 20:41:48 
        Label: [Right situation] 
        Level: info: Application is listening on port 5000
    }
    

    {
        Date: Mon Jun 12 2023 
        Time: 20:51:5 
        Label: [Right situation] 
        Level: info: Database is connected...
    }
    

    {
        Date: Mon Jun 12 2023 
        Time: 20:51:5 
        Label: [Right situation] 
        Level: info: Application is listening on port 5000
    }
    

    {
        Date: Mon Jun 12 2023 
        Time: 20:55:47 
        Label: [Right situation] 
        Level: info: Database is connected...
    }
    

    {
        Date: Mon Jun 12 2023 
        Time: 20:55:47 
        Label: [Right situation] 
        Level: info: Application is listening on port 5000
    }
    

    {
        Date: Mon Jun 12 2023 
        Time: 20:55:56 
        Label: [Right situation] 
        Level: info: Database is connected...
    }
    

    {
        Date: Mon Jun 12 2023 
        Time: 20:55:56 
        Label: [Right situation] 
        Level: info: Application is listening on port 5000
    }
    

    {
        Date: Mon Jun 12 2023 
        Time: 20:57:6 
        Label: [Right situation] 
        Level: info: Database is connected...
    }
    

    {
        Date: Mon Jun 12 2023 
        Time: 20:57:6 
        Label: [Right situation] 
        Level: info: Application is listening on port 5000
    }
    

    {
        Date: Mon Jun 12 2023 
        Time: 20:58:44 
        Label: [Right situation] 
        Level: info: Database is connected...
    }
    

    {
        Date: Mon Jun 12 2023 
        Time: 20:58:44 
        Label: [Right situation] 
        Level: info: Application is listening on port 5000
    }
    
