
    {
        Date: Tue Jun 13 2023 
        Time: 14:9:22 
        Label: [Right situation] 
        Level: info: Database is connected...
    }
    

    {
        Date: Tue Jun 13 2023 
        Time: 14:9:22 
        Label: [Right situation] 
        Level: info: Application is listening on port 5000
    }
    

    {
        Date: Tue Jun 13 2023 
        Time: 14:12:25 
        Label: [Right situation] 
        Level: info: Database is connected...
    }
    

    {
        Date: Tue Jun 13 2023 
        Time: 14:12:25 
        Label: [Right situation] 
        Level: info: Application is listening on port 5000
    }
    

    {
        Date: Tue Jun 13 2023 
        Time: 14:12:31 
        Label: [Right situation] 
        Level: info: Database is connected...
    }
    

    {
        Date: Tue Jun 13 2023 
        Time: 14:12:31 
        Label: [Right situation] 
        Level: info: Application is listening on port 5000
    }
    

    {
        Date: Tue Jun 13 2023 
        Time: 14:12:39 
        Label: [Right situation] 
        Level: info: Database is connected...
    }
    

    {
        Date: Tue Jun 13 2023 
        Time: 14:12:39 
        Label: [Right situation] 
        Level: info: Application is listening on port 5000
    }
    

    {
        Date: Tue Jun 13 2023 
        Time: 14:13:46 
        Label: [Right situation] 
        Level: info: Database is connected...
    }
    

    {
        Date: Tue Jun 13 2023 
        Time: 14:13:46 
        Label: [Right situation] 
        Level: info: Application is listening on port 5000
    }
    

    {
        Date: Tue Jun 13 2023 
        Time: 14:15:38 
        Label: [Right situation] 
        Level: info: Database is connected...
    }
    

    {
        Date: Tue Jun 13 2023 
        Time: 14:15:38 
        Label: [Right situation] 
        Level: info: Application is listening on port 5000
    }
    

    {
        Date: Tue Jun 13 2023 
        Time: 14:15:47 
        Label: [Right situation] 
        Level: info: Database is connected...
    }
    

    {
        Date: Tue Jun 13 2023 
        Time: 14:15:47 
        Label: [Right situation] 
        Level: info: Application is listening on port 5000
    }
    

    {
        Date: Tue Jun 13 2023 
        Time: 14:17:6 
        Label: [Right situation] 
        Level: info: Database is connected...
    }
    

    {
        Date: Tue Jun 13 2023 
        Time: 14:17:6 
        Label: [Right situation] 
        Level: info: Application is listening on port 5000
    }
    

    {
        Date: Tue Jun 13 2023 
        Time: 14:19:8 
        Label: [Right situation] 
        Level: info: Database is connected...
    }
    

    {
        Date: Tue Jun 13 2023 
        Time: 14:19:8 
        Label: [Right situation] 
        Level: info: Application is listening on port 5000
    }
    

    {
        Date: Tue Jun 13 2023 
        Time: 14:19:17 
        Label: [Right situation] 
        Level: info: Database is connected...
    }
    

    {
        Date: Tue Jun 13 2023 
        Time: 14:19:17 
        Label: [Right situation] 
        Level: info: Application is listening on port 5000
    }
    

    {
        Date: Tue Jun 13 2023 
        Time: 14:19:43 
        Label: [Right situation] 
        Level: info: Database is connected...
    }
    

    {
        Date: Tue Jun 13 2023 
        Time: 14:19:43 
        Label: [Right situation] 
        Level: info: Application is listening on port 5000
    }
    

    {
        Date: Tue Jun 13 2023 
        Time: 14:22:11 
        Label: [Right situation] 
        Level: info: Database is connected...
    }
    

    {
        Date: Tue Jun 13 2023 
        Time: 14:22:11 
        Label: [Right situation] 
        Level: info: Application is listening on port 5000
    }
    

    {
        Date: Tue Jun 13 2023 
        Time: 14:22:17 
        Label: [Right situation] 
        Level: info: Database is connected...
    }
    

    {
        Date: Tue Jun 13 2023 
        Time: 14:22:17 
        Label: [Right situation] 
        Level: info: Application is listening on port 5000
    }
    

    {
        Date: Tue Jun 13 2023 
        Time: 14:23:0 
        Label: [Right situation] 
        Level: info: Database is connected...
    }
    

    {
        Date: Tue Jun 13 2023 
        Time: 14:23:0 
        Label: [Right situation] 
        Level: info: Application is listening on port 5000
    }
    

    {
        Date: Tue Jun 13 2023 
        Time: 14:30:50 
        Label: [Right situation] 
        Level: info: Database is connected...
    }
    

    {
        Date: Tue Jun 13 2023 
        Time: 14:30:50 
        Label: [Right situation] 
        Level: info: Application is listening on port 5000
    }
    

    {
        Date: Tue Jun 13 2023 
        Time: 14:31:4 
        Label: [Right situation] 
        Level: info: Database is connected...
    }
    

    {
        Date: Tue Jun 13 2023 
        Time: 14:31:4 
        Label: [Right situation] 
        Level: info: Application is listening on port 5000
    }
    
