
    {
        Date: Tue Jun 13 2023 
        Time: 11:2:28 
        Label: [Right situation] 
        Level: info: Database is connected...
    }
    

    {
        Date: Tue Jun 13 2023 
        Time: 11:2:28 
        Label: [Right situation] 
        Level: info: Application is listening on port 5000
    }
    

    {
        Date: Tue Jun 13 2023 
        Time: 11:12:4 
        Label: [Right situation] 
        Level: info: Database is connected...
    }
    

    {
        Date: Tue Jun 13 2023 
        Time: 11:12:4 
        Label: [Right situation] 
        Level: info: Application is listening on port 5000
    }
    

    {
        Date: Tue Jun 13 2023 
        Time: 11:18:21 
        Label: [Right situation] 
        Level: info: Database is connected...
    }
    

    {
        Date: Tue Jun 13 2023 
        Time: 11:18:21 
        Label: [Right situation] 
        Level: info: Application is listening on port 5000
    }
    

    {
        Date: Tue Jun 13 2023 
        Time: 11:21:3 
        Label: [Right situation] 
        Level: info: Database is connected...
    }
    

    {
        Date: Tue Jun 13 2023 
        Time: 11:21:3 
        Label: [Right situation] 
        Level: info: Application is listening on port 5000
    }
    

    {
        Date: Tue Jun 13 2023 
        Time: 11:38:21 
        Label: [Right situation] 
        Level: info: Database is connected...
    }
    

    {
        Date: Tue Jun 13 2023 
        Time: 11:38:21 
        Label: [Right situation] 
        Level: info: Application is listening on port 5000
    }
    
