
    {
        Date: Thu Jun 15 2023 
        Time: 19:54:35 
        Label: [Right situation] 
        Level: info: Database is connected...
    }
    

    {
        Date: Thu Jun 15 2023 
        Time: 19:54:35 
        Label: [Right situation] 
        Level: info: Application is listening on port 5000
    }
    

    {
        Date: Thu Jun 15 2023 
        Time: 19:56:42 
        Label: [Right situation] 
        Level: info: Database is connected...
    }
    

    {
        Date: Thu Jun 15 2023 
        Time: 19:56:42 
        Label: [Right situation] 
        Level: info: Application is listening on port 5000
    }
    
