
    {
        Date: Sat Jun 10 2023 
        Time: 12:33:24 
        Label: [Right situation] 
        Level: info: Database is connected...
    }
    

    {
        Date: Sat Jun 10 2023 
        Time: 12:33:24 
        Label: [Right situation] 
        Level: info: Application is listening on port 5000
    }
    

    {
        Date: Sat Jun 10 2023 
        Time: 12:37:41 
        Label: [Right situation] 
        Level: info: Database is connected...
    }
    

    {
        Date: Sat Jun 10 2023 
        Time: 12:37:41 
        Label: [Right situation] 
        Level: info: Application is listening on port 5000
    }
    

    {
        Date: Sat Jun 10 2023 
        Time: 12:46:3 
        Label: [Right situation] 
        Level: info: Database is connected...
    }
    

    {
        Date: Sat Jun 10 2023 
        Time: 12:46:3 
        Label: [Right situation] 
        Level: info: Application is listening on port 5000
    }
    

    {
        Date: Sat Jun 10 2023 
        Time: 12:47:33 
        Label: [Right situation] 
        Level: info: Database is connected...
    }
    

    {
        Date: Sat Jun 10 2023 
        Time: 12:47:33 
        Label: [Right situation] 
        Level: info: Application is listening on port 5000
    }
    

    {
        Date: Sat Jun 10 2023 
        Time: 12:47:55 
        Label: [Right situation] 
        Level: info: Database is connected...
    }
    

    {
        Date: Sat Jun 10 2023 
        Time: 12:47:55 
        Label: [Right situation] 
        Level: info: Application is listening on port 5000
    }
    

    {
        Date: Sat Jun 10 2023 
        Time: 12:49:27 
        Label: [Right situation] 
        Level: info: Database is connected...
    }
    

    {
        Date: Sat Jun 10 2023 
        Time: 12:49:27 
        Label: [Right situation] 
        Level: info: Application is listening on port 5000
    }
    

    {
        Date: Sat Jun 10 2023 
        Time: 12:51:4 
        Label: [Right situation] 
        Level: info: Database is connected...
    }
    

    {
        Date: Sat Jun 10 2023 
        Time: 12:51:4 
        Label: [Right situation] 
        Level: info: Application is listening on port 5000
    }
    
