
    {
        Date: Thu Jun 15 2023 
        Time: 11:23:18 
        Label: [Right situation] 
        Level: info: Database is connected...
    }
    

    {
        Date: Thu Jun 15 2023 
        Time: 11:23:18 
        Label: [Right situation] 
        Level: info: Application is listening on port 5000
    }
    

    {
        Date: Thu Jun 15 2023 
        Time: 11:23:32 
        Label: [Right situation] 
        Level: info: Database is connected...
    }
    

    {
        Date: Thu Jun 15 2023 
        Time: 11:23:32 
        Label: [Right situation] 
        Level: info: Application is listening on port 5000
    }
    

    {
        Date: Thu Jun 15 2023 
        Time: 11:24:47 
        Label: [Right situation] 
        Level: info: Database is connected...
    }
    

    {
        Date: Thu Jun 15 2023 
        Time: 11:24:47 
        Label: [Right situation] 
        Level: info: Application is listening on port 5000
    }
    

    {
        Date: Thu Jun 15 2023 
        Time: 11:27:28 
        Label: [Right situation] 
        Level: info: Database is connected...
    }
    

    {
        Date: Thu Jun 15 2023 
        Time: 11:27:28 
        Label: [Right situation] 
        Level: info: Application is listening on port 5000
    }
    

    {
        Date: Thu Jun 15 2023 
        Time: 11:27:43 
        Label: [Right situation] 
        Level: info: Database is connected...
    }
    

    {
        Date: Thu Jun 15 2023 
        Time: 11:27:43 
        Label: [Right situation] 
        Level: info: Application is listening on port 5000
    }
    

    {
        Date: Thu Jun 15 2023 
        Time: 11:28:26 
        Label: [Right situation] 
        Level: info: Database is connected...
    }
    

    {
        Date: Thu Jun 15 2023 
        Time: 11:28:26 
        Label: [Right situation] 
        Level: info: Application is listening on port 5000
    }
    

    {
        Date: Thu Jun 15 2023 
        Time: 11:29:4 
        Label: [Right situation] 
        Level: info: Database is connected...
    }
    

    {
        Date: Thu Jun 15 2023 
        Time: 11:29:4 
        Label: [Right situation] 
        Level: info: Application is listening on port 5000
    }
    

    {
        Date: Thu Jun 15 2023 
        Time: 11:29:48 
        Label: [Right situation] 
        Level: info: Database is connected...
    }
    

    {
        Date: Thu Jun 15 2023 
        Time: 11:29:48 
        Label: [Right situation] 
        Level: info: Application is listening on port 5000
    }
    

    {
        Date: Thu Jun 15 2023 
        Time: 11:30:39 
        Label: [Right situation] 
        Level: info: Database is connected...
    }
    

    {
        Date: Thu Jun 15 2023 
        Time: 11:30:39 
        Label: [Right situation] 
        Level: info: Application is listening on port 5000
    }
    

    {
        Date: Thu Jun 15 2023 
        Time: 11:31:45 
        Label: [Right situation] 
        Level: info: Database is connected...
    }
    

    {
        Date: Thu Jun 15 2023 
        Time: 11:31:45 
        Label: [Right situation] 
        Level: info: Application is listening on port 5000
    }
    

    {
        Date: Thu Jun 15 2023 
        Time: 11:33:3 
        Label: [Right situation] 
        Level: info: Database is connected...
    }
    

    {
        Date: Thu Jun 15 2023 
        Time: 11:33:3 
        Label: [Right situation] 
        Level: info: Application is listening on port 5000
    }
    

    {
        Date: Thu Jun 15 2023 
        Time: 11:35:12 
        Label: [Right situation] 
        Level: info: Database is connected...
    }
    

    {
        Date: Thu Jun 15 2023 
        Time: 11:35:12 
        Label: [Right situation] 
        Level: info: Application is listening on port 5000
    }
    

    {
        Date: Thu Jun 15 2023 
        Time: 11:35:17 
        Label: [Right situation] 
        Level: info: Database is connected...
    }
    

    {
        Date: Thu Jun 15 2023 
        Time: 11:35:17 
        Label: [Right situation] 
        Level: info: Application is listening on port 5000
    }
    

    {
        Date: Thu Jun 15 2023 
        Time: 11:39:14 
        Label: [Right situation] 
        Level: info: Database is connected...
    }
    

    {
        Date: Thu Jun 15 2023 
        Time: 11:39:14 
        Label: [Right situation] 
        Level: info: Application is listening on port 5000
    }
    

    {
        Date: Thu Jun 15 2023 
        Time: 11:39:58 
        Label: [Right situation] 
        Level: info: Database is connected...
    }
    

    {
        Date: Thu Jun 15 2023 
        Time: 11:39:58 
        Label: [Right situation] 
        Level: info: Application is listening on port 5000
    }
    

    {
        Date: Thu Jun 15 2023 
        Time: 11:40:7 
        Label: [Right situation] 
        Level: info: Database is connected...
    }
    

    {
        Date: Thu Jun 15 2023 
        Time: 11:40:7 
        Label: [Right situation] 
        Level: info: Application is listening on port 5000
    }
    

    {
        Date: Thu Jun 15 2023 
        Time: 11:40:13 
        Label: [Right situation] 
        Level: info: Database is connected...
    }
    

    {
        Date: Thu Jun 15 2023 
        Time: 11:40:13 
        Label: [Right situation] 
        Level: info: Application is listening on port 5000
    }
    

    {
        Date: Thu Jun 15 2023 
        Time: 11:54:44 
        Label: [Right situation] 
        Level: info: Database is connected...
    }
    

    {
        Date: Thu Jun 15 2023 
        Time: 11:54:44 
        Label: [Right situation] 
        Level: info: Application is listening on port 5000
    }
    

    {
        Date: Thu Jun 15 2023 
        Time: 11:56:17 
        Label: [Right situation] 
        Level: info: Database is connected...
    }
    

    {
        Date: Thu Jun 15 2023 
        Time: 11:56:17 
        Label: [Right situation] 
        Level: info: Application is listening on port 5000
    }
    

    {
        Date: Thu Jun 15 2023 
        Time: 11:56:31 
        Label: [Right situation] 
        Level: info: Database is connected...
    }
    

    {
        Date: Thu Jun 15 2023 
        Time: 11:56:31 
        Label: [Right situation] 
        Level: info: Application is listening on port 5000
    }
    

    {
        Date: Thu Jun 15 2023 
        Time: 11:56:49 
        Label: [Right situation] 
        Level: info: Database is connected...
    }
    

    {
        Date: Thu Jun 15 2023 
        Time: 11:56:49 
        Label: [Right situation] 
        Level: info: Application is listening on port 5000
    }
    
