
    {
        Date: Mon Jun 12 2023 
        Time: 18:45:36 
        Label: [Right situation] 
        Level: info: Database is connected...
    }
    

    {
        Date: Mon Jun 12 2023 
        Time: 18:45:36 
        Label: [Right situation] 
        Level: info: Application is listening on port 5000
    }
    

    {
        Date: Mon Jun 12 2023 
        Time: 18:46:4 
        Label: [Right situation] 
        Level: info: Database is connected...
    }
    

    {
        Date: Mon Jun 12 2023 
        Time: 18:46:4 
        Label: [Right situation] 
        Level: info: Application is listening on port 5000
    }
    
