
    {
        Date: Sat Jun 10 2023 
        Time: 8:17:6 
        Label: [Right situation] 
        Level: info: Database is connected...
    }
    

    {
        Date: Sat Jun 10 2023 
        Time: 8:17:6 
        Label: [Right situation] 
        Level: info: Application is listening on port 5000
    }
    

    {
        Date: Sat Jun 10 2023 
        Time: 8:50:1 
        Label: [Right situation] 
        Level: info: Database is connected...
    }
    

    {
        Date: Sat Jun 10 2023 
        Time: 8:50:1 
        Label: [Right situation] 
        Level: info: Application is listening on port 5000
    }
    

    {
        Date: Sat Jun 10 2023 
        Time: 8:50:45 
        Label: [Right situation] 
        Level: info: Database is connected...
    }
    

    {
        Date: Sat Jun 10 2023 
        Time: 8:50:45 
        Label: [Right situation] 
        Level: info: Application is listening on port 5000
    }
    

    {
        Date: Sat Jun 10 2023 
        Time: 8:52:17 
        Label: [Right situation] 
        Level: info: Database is connected...
    }
    

    {
        Date: Sat Jun 10 2023 
        Time: 8:52:17 
        Label: [Right situation] 
        Level: info: Application is listening on port 5000
    }
    

    {
        Date: Sat Jun 10 2023 
        Time: 8:53:28 
        Label: [Right situation] 
        Level: info: Database is connected...
    }
    

    {
        Date: Sat Jun 10 2023 
        Time: 8:53:28 
        Label: [Right situation] 
        Level: info: Application is listening on port 5000
    }
    

    {
        Date: Sat Jun 10 2023 
        Time: 8:54:34 
        Label: [Right situation] 
        Level: info: Database is connected...
    }
    

    {
        Date: Sat Jun 10 2023 
        Time: 8:54:34 
        Label: [Right situation] 
        Level: info: Application is listening on port 5000
    }
    

    {
        Date: Sat Jun 10 2023 
        Time: 8:57:59 
        Label: [Right situation] 
        Level: info: Database is connected...
    }
    

    {
        Date: Sat Jun 10 2023 
        Time: 8:57:59 
        Label: [Right situation] 
        Level: info: Application is listening on port 5000
    }
    
