
    {
        Date: Tue Jun 13 2023 
        Time: 13:24:31 
        Label: [Right situation] 
        Level: info: Database is connected...
    }
    

    {
        Date: Tue Jun 13 2023 
        Time: 13:24:31 
        Label: [Right situation] 
        Level: info: Application is listening on port 5000
    }
    

    {
        Date: Tue Jun 13 2023 
        Time: 13:24:40 
        Label: [Right situation] 
        Level: info: Database is connected...
    }
    

    {
        Date: Tue Jun 13 2023 
        Time: 13:24:40 
        Label: [Right situation] 
        Level: info: Application is listening on port 5000
    }
    

    {
        Date: Tue Jun 13 2023 
        Time: 13:29:25 
        Label: [Right situation] 
        Level: info: Database is connected...
    }
    

    {
        Date: Tue Jun 13 2023 
        Time: 13:29:25 
        Label: [Right situation] 
        Level: info: Application is listening on port 5000
    }
    

    {
        Date: Tue Jun 13 2023 
        Time: 13:29:32 
        Label: [Right situation] 
        Level: info: Database is connected...
    }
    

    {
        Date: Tue Jun 13 2023 
        Time: 13:29:32 
        Label: [Right situation] 
        Level: info: Application is listening on port 5000
    }
    

    {
        Date: Tue Jun 13 2023 
        Time: 13:30:17 
        Label: [Right situation] 
        Level: info: Database is connected...
    }
    

    {
        Date: Tue Jun 13 2023 
        Time: 13:30:17 
        Label: [Right situation] 
        Level: info: Application is listening on port 5000
    }
    

    {
        Date: Tue Jun 13 2023 
        Time: 13:31:26 
        Label: [Right situation] 
        Level: info: Database is connected...
    }
    

    {
        Date: Tue Jun 13 2023 
        Time: 13:31:26 
        Label: [Right situation] 
        Level: info: Application is listening on port 5000
    }
    

    {
        Date: Tue Jun 13 2023 
        Time: 13:32:38 
        Label: [Right situation] 
        Level: info: Database is connected...
    }
    

    {
        Date: Tue Jun 13 2023 
        Time: 13:32:38 
        Label: [Right situation] 
        Level: info: Application is listening on port 5000
    }
    

    {
        Date: Tue Jun 13 2023 
        Time: 13:33:23 
        Label: [Right situation] 
        Level: info: Database is connected...
    }
    

    {
        Date: Tue Jun 13 2023 
        Time: 13:33:23 
        Label: [Right situation] 
        Level: info: Application is listening on port 5000
    }
    

    {
        Date: Tue Jun 13 2023 
        Time: 13:49:21 
        Label: [Right situation] 
        Level: info: Database is connected...
    }
    

    {
        Date: Tue Jun 13 2023 
        Time: 13:49:21 
        Label: [Right situation] 
        Level: info: Application is listening on port 5000
    }
    

    {
        Date: Tue Jun 13 2023 
        Time: 13:49:33 
        Label: [Right situation] 
        Level: info: Database is connected...
    }
    

    {
        Date: Tue Jun 13 2023 
        Time: 13:49:33 
        Label: [Right situation] 
        Level: info: Application is listening on port 5000
    }
    

    {
        Date: Tue Jun 13 2023 
        Time: 13:52:1 
        Label: [Right situation] 
        Level: info: Database is connected...
    }
    

    {
        Date: Tue Jun 13 2023 
        Time: 13:52:1 
        Label: [Right situation] 
        Level: info: Application is listening on port 5000
    }
    

    {
        Date: Tue Jun 13 2023 
        Time: 13:52:11 
        Label: [Right situation] 
        Level: info: Database is connected...
    }
    

    {
        Date: Tue Jun 13 2023 
        Time: 13:52:11 
        Label: [Right situation] 
        Level: info: Application is listening on port 5000
    }
    

    {
        Date: Tue Jun 13 2023 
        Time: 13:55:7 
        Label: [Right situation] 
        Level: info: Database is connected...
    }
    

    {
        Date: Tue Jun 13 2023 
        Time: 13:55:7 
        Label: [Right situation] 
        Level: info: Application is listening on port 5000
    }
    

    {
        Date: Tue Jun 13 2023 
        Time: 13:55:16 
        Label: [Right situation] 
        Level: info: Database is connected...
    }
    

    {
        Date: Tue Jun 13 2023 
        Time: 13:55:16 
        Label: [Right situation] 
        Level: info: Application is listening on port 5000
    }
    

    {
        Date: Tue Jun 13 2023 
        Time: 13:56:23 
        Label: [Right situation] 
        Level: info: Database is connected...
    }
    

    {
        Date: Tue Jun 13 2023 
        Time: 13:56:23 
        Label: [Right situation] 
        Level: info: Application is listening on port 5000
    }
    
