
    {
        Date: Sat Jun 10 2023 
        Time: 9:1:38 
        Label: [Right situation] 
        Level: info: Database is connected...
    }
    

    {
        Date: Sat Jun 10 2023 
        Time: 9:1:38 
        Label: [Right situation] 
        Level: info: Application is listening on port 5000
    }
    

    {
        Date: Sat Jun 10 2023 
        Time: 9:4:7 
        Label: [Right situation] 
        Level: info: Database is connected...
    }
    

    {
        Date: Sat Jun 10 2023 
        Time: 9:4:7 
        Label: [Right situation] 
        Level: info: Application is listening on port 5000
    }
    

    {
        Date: Sat Jun 10 2023 
        Time: 9:5:13 
        Label: [Right situation] 
        Level: info: Database is connected...
    }
    

    {
        Date: Sat Jun 10 2023 
        Time: 9:5:13 
        Label: [Right situation] 
        Level: info: Application is listening on port 5000
    }
    

    {
        Date: Sat Jun 10 2023 
        Time: 9:5:55 
        Label: [Right situation] 
        Level: info: Database is connected...
    }
    

    {
        Date: Sat Jun 10 2023 
        Time: 9:5:55 
        Label: [Right situation] 
        Level: info: Application is listening on port 5000
    }
    

    {
        Date: Sat Jun 10 2023 
        Time: 9:6:46 
        Label: [Right situation] 
        Level: info: Database is connected...
    }
    

    {
        Date: Sat Jun 10 2023 
        Time: 9:6:46 
        Label: [Right situation] 
        Level: info: Application is listening on port 5000
    }
    

    {
        Date: Sat Jun 10 2023 
        Time: 9:23:54 
        Label: [Right situation] 
        Level: info: Database is connected...
    }
    

    {
        Date: Sat Jun 10 2023 
        Time: 9:23:54 
        Label: [Right situation] 
        Level: info: Application is listening on port 5000
    }
    

    {
        Date: Sat Jun 10 2023 
        Time: 9:25:10 
        Label: [Right situation] 
        Level: info: Database is connected...
    }
    

    {
        Date: Sat Jun 10 2023 
        Time: 9:25:10 
        Label: [Right situation] 
        Level: info: Application is listening on port 5000
    }
    

    {
        Date: Sat Jun 10 2023 
        Time: 9:26:19 
        Label: [Right situation] 
        Level: info: Database is connected...
    }
    

    {
        Date: Sat Jun 10 2023 
        Time: 9:26:19 
        Label: [Right situation] 
        Level: info: Application is listening on port 5000
    }
    
