
    {
        Date: Mon Jun 12 2023 
        Time: 9:15:16 
        Label: [Right situation] 
        Level: info: Database is connected...
    }
    

    {
        Date: Mon Jun 12 2023 
        Time: 9:15:16 
        Label: [Right situation] 
        Level: info: Application is listening on port 5000
    }
    

    {
        Date: Mon Jun 12 2023 
        Time: 9:18:47 
        Label: [Right situation] 
        Level: info: Database is connected...
    }
    

    {
        Date: Mon Jun 12 2023 
        Time: 9:18:47 
        Label: [Right situation] 
        Level: info: Application is listening on port 5000
    }
    

    {
        Date: Mon Jun 12 2023 
        Time: 9:19:31 
        Label: [Right situation] 
        Level: info: Database is connected...
    }
    

    {
        Date: Mon Jun 12 2023 
        Time: 9:19:31 
        Label: [Right situation] 
        Level: info: Application is listening on port 5000
    }
    

    {
        Date: Mon Jun 12 2023 
        Time: 9:21:35 
        Label: [Right situation] 
        Level: info: Database is connected...
    }
    

    {
        Date: Mon Jun 12 2023 
        Time: 9:21:35 
        Label: [Right situation] 
        Level: info: Application is listening on port 5000
    }
    

    {
        Date: Mon Jun 12 2023 
        Time: 9:21:48 
        Label: [Right situation] 
        Level: info: Database is connected...
    }
    

    {
        Date: Mon Jun 12 2023 
        Time: 9:21:48 
        Label: [Right situation] 
        Level: info: Application is listening on port 5000
    }
    

    {
        Date: Mon Jun 12 2023 
        Time: 9:24:4 
        Label: [Right situation] 
        Level: info: Database is connected...
    }
    

    {
        Date: Mon Jun 12 2023 
        Time: 9:24:4 
        Label: [Right situation] 
        Level: info: Application is listening on port 5000
    }
    

    {
        Date: Mon Jun 12 2023 
        Time: 9:24:12 
        Label: [Right situation] 
        Level: info: Database is connected...
    }
    

    {
        Date: Mon Jun 12 2023 
        Time: 9:24:12 
        Label: [Right situation] 
        Level: info: Application is listening on port 5000
    }
    

    {
        Date: Mon Jun 12 2023 
        Time: 9:29:41 
        Label: [Right situation] 
        Level: info: Database is connected...
    }
    

    {
        Date: Mon Jun 12 2023 
        Time: 9:29:41 
        Label: [Right situation] 
        Level: info: Application is listening on port 5000
    }
    

    {
        Date: Mon Jun 12 2023 
        Time: 9:29:54 
        Label: [Right situation] 
        Level: info: Database is connected...
    }
    

    {
        Date: Mon Jun 12 2023 
        Time: 9:29:54 
        Label: [Right situation] 
        Level: info: Application is listening on port 5000
    }
    
