
    {
        Date: Fri Jun 09 2023 
        Time: 14:6:39 
        Label: [Right situation] 
        Level: info: Database is connected...
    }
    

    {
        Date: Fri Jun 09 2023 
        Time: 14:6:39 
        Label: [Right situation] 
        Level: info: Application is listening on port 5000
    }
    

    {
        Date: Fri Jun 09 2023 
        Time: 14:7:17 
        Label: [Right situation] 
        Level: info: Database is connected...
    }
    

    {
        Date: Fri Jun 09 2023 
        Time: 14:7:17 
        Label: [Right situation] 
        Level: info: Application is listening on port 5000
    }
    

    {
        Date: Fri Jun 09 2023 
        Time: 14:7:39 
        Label: [Right situation] 
        Level: info: Database is connected...
    }
    

    {
        Date: Fri Jun 09 2023 
        Time: 14:7:39 
        Label: [Right situation] 
        Level: info: Application is listening on port 5000
    }
    

    {
        Date: Fri Jun 09 2023 
        Time: 14:7:53 
        Label: [Right situation] 
        Level: info: Database is connected...
    }
    

    {
        Date: Fri Jun 09 2023 
        Time: 14:7:53 
        Label: [Right situation] 
        Level: info: Application is listening on port 5000
    }
    

    {
        Date: Fri Jun 09 2023 
        Time: 14:8:5 
        Label: [Right situation] 
        Level: info: Database is connected...
    }
    

    {
        Date: Fri Jun 09 2023 
        Time: 14:8:5 
        Label: [Right situation] 
        Level: info: Application is listening on port 5000
    }
    

    {
        Date: Fri Jun 09 2023 
        Time: 14:8:8 
        Label: [Right situation] 
        Level: info: Database is connected...
    }
    

    {
        Date: Fri Jun 09 2023 
        Time: 14:8:9 
        Label: [Right situation] 
        Level: info: Application is listening on port 5000
    }
    

    {
        Date: Fri Jun 09 2023 
        Time: 14:12:29 
        Label: [Right situation] 
        Level: info: Database is connected...
    }
    

    {
        Date: Fri Jun 09 2023 
        Time: 14:12:29 
        Label: [Right situation] 
        Level: info: Application is listening on port 5000
    }
    

    {
        Date: Fri Jun 09 2023 
        Time: 14:13:23 
        Label: [Right situation] 
        Level: info: Database is connected...
    }
    

    {
        Date: Fri Jun 09 2023 
        Time: 14:13:23 
        Label: [Right situation] 
        Level: info: Application is listening on port 5000
    }
    

    {
        Date: Fri Jun 09 2023 
        Time: 14:14:52 
        Label: [Right situation] 
        Level: info: Database is connected...
    }
    

    {
        Date: Fri Jun 09 2023 
        Time: 14:14:52 
        Label: [Right situation] 
        Level: info: Application is listening on port 5000
    }
    

    {
        Date: Fri Jun 09 2023 
        Time: 14:16:40 
        Label: [Right situation] 
        Level: info: Database is connected...
    }
    

    {
        Date: Fri Jun 09 2023 
        Time: 14:16:40 
        Label: [Right situation] 
        Level: info: Application is listening on port 5000
    }
    

    {
        Date: Fri Jun 09 2023 
        Time: 14:17:4 
        Label: [Right situation] 
        Level: info: Database is connected...
    }
    

    {
        Date: Fri Jun 09 2023 
        Time: 14:17:4 
        Label: [Right situation] 
        Level: info: Application is listening on port 5000
    }
    

    {
        Date: Fri Jun 09 2023 
        Time: 14:17:42 
        Label: [Right situation] 
        Level: info: Database is connected...
    }
    

    {
        Date: Fri Jun 09 2023 
        Time: 14:17:42 
        Label: [Right situation] 
        Level: info: Application is listening on port 5000
    }
    

    {
        Date: Fri Jun 09 2023 
        Time: 14:23:59 
        Label: [Right situation] 
        Level: info: Database is connected...
    }
    

    {
        Date: Fri Jun 09 2023 
        Time: 14:23:59 
        Label: [Right situation] 
        Level: info: Application is listening on port 5000
    }
    

    {
        Date: Fri Jun 09 2023 
        Time: 14:25:48 
        Label: [Right situation] 
        Level: info: Database is connected...
    }
    

    {
        Date: Fri Jun 09 2023 
        Time: 14:25:48 
        Label: [Right situation] 
        Level: info: Application is listening on port 5000
    }
    

    {
        Date: Fri Jun 09 2023 
        Time: 14:26:31 
        Label: [Right situation] 
        Level: info: Database is connected...
    }
    

    {
        Date: Fri Jun 09 2023 
        Time: 14:26:31 
        Label: [Right situation] 
        Level: info: Application is listening on port 5000
    }
    

    {
        Date: Fri Jun 09 2023 
        Time: 14:28:41 
        Label: [Right situation] 
        Level: info: Database is connected...
    }
    

    {
        Date: Fri Jun 09 2023 
        Time: 14:28:41 
        Label: [Right situation] 
        Level: info: Application is listening on port 5000
    }
    

    {
        Date: Fri Jun 09 2023 
        Time: 14:29:29 
        Label: [Right situation] 
        Level: info: Database is connected...
    }
    

    {
        Date: Fri Jun 09 2023 
        Time: 14:29:29 
        Label: [Right situation] 
        Level: info: Application is listening on port 5000
    }
    

    {
        Date: Fri Jun 09 2023 
        Time: 14:31:43 
        Label: [Right situation] 
        Level: info: Database is connected...
    }
    

    {
        Date: Fri Jun 09 2023 
        Time: 14:31:43 
        Label: [Right situation] 
        Level: info: Application is listening on port 5000
    }
    

    {
        Date: Fri Jun 09 2023 
        Time: 14:33:29 
        Label: [Right situation] 
        Level: info: Database is connected...
    }
    

    {
        Date: Fri Jun 09 2023 
        Time: 14:33:29 
        Label: [Right situation] 
        Level: info: Application is listening on port 5000
    }
    

    {
        Date: Fri Jun 09 2023 
        Time: 14:34:1 
        Label: [Right situation] 
        Level: info: Database is connected...
    }
    

    {
        Date: Fri Jun 09 2023 
        Time: 14:34:1 
        Label: [Right situation] 
        Level: info: Application is listening on port 5000
    }
    

    {
        Date: Fri Jun 09 2023 
        Time: 14:38:24 
        Label: [Right situation] 
        Level: info: Database is connected...
    }
    

    {
        Date: Fri Jun 09 2023 
        Time: 14:38:24 
        Label: [Right situation] 
        Level: info: Application is listening on port 5000
    }
    

    {
        Date: Fri Jun 09 2023 
        Time: 14:38:55 
        Label: [Right situation] 
        Level: info: Database is connected...
    }
    

    {
        Date: Fri Jun 09 2023 
        Time: 14:38:55 
        Label: [Right situation] 
        Level: info: Application is listening on port 5000
    }
    

    {
        Date: Fri Jun 09 2023 
        Time: 14:39:26 
        Label: [Right situation] 
        Level: info: Database is connected...
    }
    

    {
        Date: Fri Jun 09 2023 
        Time: 14:39:26 
        Label: [Right situation] 
        Level: info: Application is listening on port 5000
    }
    

    {
        Date: Fri Jun 09 2023 
        Time: 14:41:14 
        Label: [Right situation] 
        Level: info: Database is connected...
    }
    

    {
        Date: Fri Jun 09 2023 
        Time: 14:41:14 
        Label: [Right situation] 
        Level: info: Application is listening on port 5000
    }
    

    {
        Date: Fri Jun 09 2023 
        Time: 14:50:1 
        Label: [Right situation] 
        Level: info: Database is connected...
    }
    

    {
        Date: Fri Jun 09 2023 
        Time: 14:50:2 
        Label: [Right situation] 
        Level: info: Application is listening on port 5000
    }
    

    {
        Date: Fri Jun 09 2023 
        Time: 14:52:37 
        Label: [Right situation] 
        Level: info: Database is connected...
    }
    

    {
        Date: Fri Jun 09 2023 
        Time: 14:52:37 
        Label: [Right situation] 
        Level: info: Application is listening on port 5000
    }
    
