
    {
        Date: Fri Jun 09 2023 
        Time: 20:2:1 
        Label: [Right situation] 
        Level: info: Database is connected...
    }
    

    {
        Date: Fri Jun 09 2023 
        Time: 20:2:1 
        Label: [Right situation] 
        Level: info: Application is listening on port 5000
    }
    

    {
        Date: Fri Jun 09 2023 
        Time: 20:3:42 
        Label: [Right situation] 
        Level: info: Database is connected...
    }
    

    {
        Date: Fri Jun 09 2023 
        Time: 20:3:42 
        Label: [Right situation] 
        Level: info: Application is listening on port 5000
    }
    

    {
        Date: Fri Jun 09 2023 
        Time: 20:6:54 
        Label: [Right situation] 
        Level: info: Database is connected...
    }
    

    {
        Date: Fri Jun 09 2023 
        Time: 20:6:54 
        Label: [Right situation] 
        Level: info: Application is listening on port 5000
    }
    

    {
        Date: Fri Jun 09 2023 
        Time: 20:7:14 
        Label: [Right situation] 
        Level: info: Database is connected...
    }
    

    {
        Date: Fri Jun 09 2023 
        Time: 20:7:14 
        Label: [Right situation] 
        Level: info: Application is listening on port 5000
    }
    

    {
        Date: Fri Jun 09 2023 
        Time: 20:8:43 
        Label: [Right situation] 
        Level: info: Database is connected...
    }
    

    {
        Date: Fri Jun 09 2023 
        Time: 20:8:43 
        Label: [Right situation] 
        Level: info: Application is listening on port 5000
    }
    

    {
        Date: Fri Jun 09 2023 
        Time: 20:9:48 
        Label: [Right situation] 
        Level: info: Database is connected...
    }
    

    {
        Date: Fri Jun 09 2023 
        Time: 20:9:48 
        Label: [Right situation] 
        Level: info: Application is listening on port 5000
    }
    

    {
        Date: Fri Jun 09 2023 
        Time: 20:10:5 
        Label: [Right situation] 
        Level: info: Database is connected...
    }
    

    {
        Date: Fri Jun 09 2023 
        Time: 20:10:5 
        Label: [Right situation] 
        Level: info: Application is listening on port 5000
    }
    

    {
        Date: Fri Jun 09 2023 
        Time: 20:15:3 
        Label: [Right situation] 
        Level: info: Database is connected...
    }
    

    {
        Date: Fri Jun 09 2023 
        Time: 20:15:3 
        Label: [Right situation] 
        Level: info: Application is listening on port 5000
    }
    

    {
        Date: Fri Jun 09 2023 
        Time: 20:15:35 
        Label: [Right situation] 
        Level: info: Database is connected...
    }
    

    {
        Date: Fri Jun 09 2023 
        Time: 20:15:35 
        Label: [Right situation] 
        Level: info: Application is listening on port 5000
    }
    

    {
        Date: Fri Jun 09 2023 
        Time: 20:17:9 
        Label: [Right situation] 
        Level: info: Database is connected...
    }
    

    {
        Date: Fri Jun 09 2023 
        Time: 20:17:9 
        Label: [Right situation] 
        Level: info: Application is listening on port 5000
    }
    

    {
        Date: Fri Jun 09 2023 
        Time: 20:20:9 
        Label: [Right situation] 
        Level: info: Database is connected...
    }
    

    {
        Date: Fri Jun 09 2023 
        Time: 20:20:9 
        Label: [Right situation] 
        Level: info: Application is listening on port 5000
    }
    

    {
        Date: Fri Jun 09 2023 
        Time: 20:33:5 
        Label: [Right situation] 
        Level: info: Database is connected...
    }
    

    {
        Date: Fri Jun 09 2023 
        Time: 20:33:5 
        Label: [Right situation] 
        Level: info: Application is listening on port 5000
    }
    

    {
        Date: Fri Jun 09 2023 
        Time: 20:33:12 
        Label: [Right situation] 
        Level: info: Database is connected...
    }
    

    {
        Date: Fri Jun 09 2023 
        Time: 20:33:12 
        Label: [Right situation] 
        Level: info: Application is listening on port 5000
    }
    

    {
        Date: Fri Jun 09 2023 
        Time: 20:35:27 
        Label: [Right situation] 
        Level: info: Database is connected...
    }
    

    {
        Date: Fri Jun 09 2023 
        Time: 20:35:27 
        Label: [Right situation] 
        Level: info: Application is listening on port 5000
    }
    

    {
        Date: Fri Jun 09 2023 
        Time: 20:36:51 
        Label: [Right situation] 
        Level: info: Database is connected...
    }
    

    {
        Date: Fri Jun 09 2023 
        Time: 20:36:51 
        Label: [Right situation] 
        Level: info: Application is listening on port 5000
    }
    

    {
        Date: Fri Jun 09 2023 
        Time: 20:39:21 
        Label: [Right situation] 
        Level: info: Database is connected...
    }
    

    {
        Date: Fri Jun 09 2023 
        Time: 20:39:21 
        Label: [Right situation] 
        Level: info: Application is listening on port 5000
    }
    

    {
        Date: Fri Jun 09 2023 
        Time: 20:45:28 
        Label: [Right situation] 
        Level: info: Database is connected...
    }
    

    {
        Date: Fri Jun 09 2023 
        Time: 20:45:28 
        Label: [Right situation] 
        Level: info: Application is listening on port 5000
    }
    

    {
        Date: Fri Jun 09 2023 
        Time: 20:46:33 
        Label: [Right situation] 
        Level: info: Database is connected...
    }
    

    {
        Date: Fri Jun 09 2023 
        Time: 20:46:33 
        Label: [Right situation] 
        Level: info: Application is listening on port 5000
    }
    

    {
        Date: Fri Jun 09 2023 
        Time: 20:47:12 
        Label: [Right situation] 
        Level: info: Database is connected...
    }
    

    {
        Date: Fri Jun 09 2023 
        Time: 20:47:12 
        Label: [Right situation] 
        Level: info: Application is listening on port 5000
    }
    

    {
        Date: Fri Jun 09 2023 
        Time: 20:47:42 
        Label: [Right situation] 
        Level: info: Database is connected...
    }
    

    {
        Date: Fri Jun 09 2023 
        Time: 20:47:42 
        Label: [Right situation] 
        Level: info: Application is listening on port 5000
    }
    

    {
        Date: Fri Jun 09 2023 
        Time: 20:53:6 
        Label: [Right situation] 
        Level: info: Database is connected...
    }
    

    {
        Date: Fri Jun 09 2023 
        Time: 20:53:6 
        Label: [Right situation] 
        Level: info: Application is listening on port 5000
    }
    

    {
        Date: Fri Jun 09 2023 
        Time: 20:54:25 
        Label: [Right situation] 
        Level: info: Database is connected...
    }
    

    {
        Date: Fri Jun 09 2023 
        Time: 20:54:25 
        Label: [Right situation] 
        Level: info: Application is listening on port 5000
    }
    

    {
        Date: Fri Jun 09 2023 
        Time: 20:54:36 
        Label: [Right situation] 
        Level: info: Database is connected...
    }
    

    {
        Date: Fri Jun 09 2023 
        Time: 20:54:36 
        Label: [Right situation] 
        Level: info: Application is listening on port 5000
    }
    

    {
        Date: Fri Jun 09 2023 
        Time: 20:55:29 
        Label: [Right situation] 
        Level: info: Database is connected...
    }
    

    {
        Date: Fri Jun 09 2023 
        Time: 20:55:29 
        Label: [Right situation] 
        Level: info: Application is listening on port 5000
    }
    

    {
        Date: Fri Jun 09 2023 
        Time: 20:55:38 
        Label: [Right situation] 
        Level: info: Database is connected...
    }
    

    {
        Date: Fri Jun 09 2023 
        Time: 20:55:38 
        Label: [Right situation] 
        Level: info: Application is listening on port 5000
    }
    

    {
        Date: Fri Jun 09 2023 
        Time: 20:56:19 
        Label: [Right situation] 
        Level: info: Database is connected...
    }
    

    {
        Date: Fri Jun 09 2023 
        Time: 20:56:19 
        Label: [Right situation] 
        Level: info: Application is listening on port 5000
    }
    

    {
        Date: Fri Jun 09 2023 
        Time: 20:56:49 
        Label: [Right situation] 
        Level: info: Database is connected...
    }
    

    {
        Date: Fri Jun 09 2023 
        Time: 20:56:49 
        Label: [Right situation] 
        Level: info: Application is listening on port 5000
    }
    
