
    {
        Date: Fri Jun 09 2023 
        Time: 10:21:26 
        Label: [Right situation] 
        Level: info: Database is connected...
    }
    

    {
        Date: Fri Jun 09 2023 
        Time: 10:21:26 
        Label: [Right situation] 
        Level: info: Application is listening on port 5000
    }
    

    {
        Date: Fri Jun 09 2023 
        Time: 10:23:0 
        Label: [Right situation] 
        Level: info: Database is connected...
    }
    

    {
        Date: Fri Jun 09 2023 
        Time: 10:23:0 
        Label: [Right situation] 
        Level: info: Application is listening on port 5000
    }
    

    {
        Date: Fri Jun 09 2023 
        Time: 10:30:25 
        Label: [Right situation] 
        Level: info: Database is connected...
    }
    

    {
        Date: Fri Jun 09 2023 
        Time: 10:30:25 
        Label: [Right situation] 
        Level: info: Application is listening on port 5000
    }
    

    {
        Date: Fri Jun 09 2023 
        Time: 10:48:38 
        Label: [Right situation] 
        Level: info: Database is connected...
    }
    

    {
        Date: Fri Jun 09 2023 
        Time: 10:48:38 
        Label: [Right situation] 
        Level: info: Application is listening on port 5000
    }
    
