
    {
        Date: Fri Jun 09 2023 
        Time: 11:0:51 
        Label: [Right situation] 
        Level: info: Database is connected...
    }
    

    {
        Date: Fri Jun 09 2023 
        Time: 11:0:51 
        Label: [Right situation] 
        Level: info: Application is listening on port 5000
    }
    

    {
        Date: Fri Jun 09 2023 
        Time: 11:6:25 
        Label: [Right situation] 
        Level: info: Database is connected...
    }
    

    {
        Date: Fri Jun 09 2023 
        Time: 11:6:25 
        Label: [Right situation] 
        Level: info: Application is listening on port 5000
    }
    

    {
        Date: Fri Jun 09 2023 
        Time: 11:10:17 
        Label: [Right situation] 
        Level: info: Database is connected...
    }
    

    {
        Date: Fri Jun 09 2023 
        Time: 11:10:17 
        Label: [Right situation] 
        Level: info: Application is listening on port 5000
    }
    

    {
        Date: Fri Jun 09 2023 
        Time: 11:12:19 
        Label: [Right situation] 
        Level: info: Database is connected...
    }
    

    {
        Date: Fri Jun 09 2023 
        Time: 11:12:19 
        Label: [Right situation] 
        Level: info: Application is listening on port 5000
    }
    

    {
        Date: Fri Jun 09 2023 
        Time: 11:15:1 
        Label: [Right situation] 
        Level: info: Database is connected...
    }
    

    {
        Date: Fri Jun 09 2023 
        Time: 11:15:1 
        Label: [Right situation] 
        Level: info: Application is listening on port 5000
    }
    

    {
        Date: Fri Jun 09 2023 
        Time: 11:15:12 
        Label: [Right situation] 
        Level: info: Database is connected...
    }
    

    {
        Date: Fri Jun 09 2023 
        Time: 11:15:12 
        Label: [Right situation] 
        Level: info: Application is listening on port 5000
    }
    

    {
        Date: Fri Jun 09 2023 
        Time: 11:15:18 
        Label: [Right situation] 
        Level: info: Database is connected...
    }
    

    {
        Date: Fri Jun 09 2023 
        Time: 11:15:18 
        Label: [Right situation] 
        Level: info: Application is listening on port 5000
    }
    

    {
        Date: Fri Jun 09 2023 
        Time: 11:16:11 
        Label: [Right situation] 
        Level: info: Database is connected...
    }
    

    {
        Date: Fri Jun 09 2023 
        Time: 11:16:11 
        Label: [Right situation] 
        Level: info: Application is listening on port 5000
    }
    

    {
        Date: Fri Jun 09 2023 
        Time: 11:16:26 
        Label: [Right situation] 
        Level: info: Database is connected...
    }
    

    {
        Date: Fri Jun 09 2023 
        Time: 11:16:26 
        Label: [Right situation] 
        Level: info: Application is listening on port 5000
    }
    

    {
        Date: Fri Jun 09 2023 
        Time: 11:20:33 
        Label: [Right situation] 
        Level: info: Database is connected...
    }
    

    {
        Date: Fri Jun 09 2023 
        Time: 11:20:33 
        Label: [Right situation] 
        Level: info: Application is listening on port 5000
    }
    

    {
        Date: Fri Jun 09 2023 
        Time: 11:22:15 
        Label: [Right situation] 
        Level: info: Database is connected...
    }
    

    {
        Date: Fri Jun 09 2023 
        Time: 11:22:15 
        Label: [Right situation] 
        Level: info: Application is listening on port 5000
    }
    

    {
        Date: Fri Jun 09 2023 
        Time: 11:23:59 
        Label: [Right situation] 
        Level: info: Database is connected...
    }
    

    {
        Date: Fri Jun 09 2023 
        Time: 11:24:0 
        Label: [Right situation] 
        Level: info: Application is listening on port 5000
    }
    

    {
        Date: Fri Jun 09 2023 
        Time: 11:29:48 
        Label: [Right situation] 
        Level: info: Database is connected...
    }
    

    {
        Date: Fri Jun 09 2023 
        Time: 11:29:48 
        Label: [Right situation] 
        Level: info: Application is listening on port 5000
    }
    

    {
        Date: Fri Jun 09 2023 
        Time: 11:30:8 
        Label: [Right situation] 
        Level: info: Database is connected...
    }
    

    {
        Date: Fri Jun 09 2023 
        Time: 11:30:8 
        Label: [Right situation] 
        Level: info: Application is listening on port 5000
    }
    

    {
        Date: Fri Jun 09 2023 
        Time: 11:30:54 
        Label: [Right situation] 
        Level: info: Database is connected...
    }
    

    {
        Date: Fri Jun 09 2023 
        Time: 11:30:54 
        Label: [Right situation] 
        Level: info: Application is listening on port 5000
    }
    

    {
        Date: Fri Jun 09 2023 
        Time: 11:34:44 
        Label: [Right situation] 
        Level: info: Database is connected...
    }
    

    {
        Date: Fri Jun 09 2023 
        Time: 11:34:44 
        Label: [Right situation] 
        Level: info: Application is listening on port 5000
    }
    

    {
        Date: Fri Jun 09 2023 
        Time: 11:35:16 
        Label: [Right situation] 
        Level: info: Database is connected...
    }
    

    {
        Date: Fri Jun 09 2023 
        Time: 11:35:16 
        Label: [Right situation] 
        Level: info: Application is listening on port 5000
    }
    

    {
        Date: Fri Jun 09 2023 
        Time: 11:43:21 
        Label: [Right situation] 
        Level: info: Database is connected...
    }
    

    {
        Date: Fri Jun 09 2023 
        Time: 11:43:21 
        Label: [Right situation] 
        Level: info: Application is listening on port 5000
    }
    

    {
        Date: Fri Jun 09 2023 
        Time: 11:43:27 
        Label: [Right situation] 
        Level: info: Database is connected...
    }
    

    {
        Date: Fri Jun 09 2023 
        Time: 11:43:27 
        Label: [Right situation] 
        Level: info: Application is listening on port 5000
    }
    

    {
        Date: Fri Jun 09 2023 
        Time: 11:45:54 
        Label: [Right situation] 
        Level: info: Database is connected...
    }
    

    {
        Date: Fri Jun 09 2023 
        Time: 11:45:54 
        Label: [Right situation] 
        Level: info: Application is listening on port 5000
    }
    

    {
        Date: Fri Jun 09 2023 
        Time: 11:46:2 
        Label: [Right situation] 
        Level: info: Database is connected...
    }
    

    {
        Date: Fri Jun 09 2023 
        Time: 11:46:2 
        Label: [Right situation] 
        Level: info: Application is listening on port 5000
    }
    

    {
        Date: Fri Jun 09 2023 
        Time: 11:46:6 
        Label: [Right situation] 
        Level: info: Database is connected...
    }
    

    {
        Date: Fri Jun 09 2023 
        Time: 11:46:6 
        Label: [Right situation] 
        Level: info: Application is listening on port 5000
    }
    

    {
        Date: Fri Jun 09 2023 
        Time: 11:47:48 
        Label: [Right situation] 
        Level: info: Database is connected...
    }
    

    {
        Date: Fri Jun 09 2023 
        Time: 11:47:48 
        Label: [Right situation] 
        Level: info: Application is listening on port 5000
    }
    

    {
        Date: Fri Jun 09 2023 
        Time: 11:48:40 
        Label: [Right situation] 
        Level: info: Database is connected...
    }
    

    {
        Date: Fri Jun 09 2023 
        Time: 11:48:40 
        Label: [Right situation] 
        Level: info: Application is listening on port 5000
    }
    

    {
        Date: Fri Jun 09 2023 
        Time: 11:49:10 
        Label: [Right situation] 
        Level: info: Database is connected...
    }
    

    {
        Date: Fri Jun 09 2023 
        Time: 11:49:10 
        Label: [Right situation] 
        Level: info: Application is listening on port 5000
    }
    
