
    {
        Date: Thu Jun 15 2023 
        Time: 20:2:44 
        Label: [Right situation] 
        Level: info: Database is connected...
    }
    

    {
        Date: Thu Jun 15 2023 
        Time: 20:2:44 
        Label: [Right situation] 
        Level: info: Application is listening on port 5000
    }
    

    {
        Date: Thu Jun 15 2023 
        Time: 20:5:20 
        Label: [Right situation] 
        Level: info: Database is connected...
    }
    

    {
        Date: Thu Jun 15 2023 
        Time: 20:5:20 
        Label: [Right situation] 
        Level: info: Application is listening on port 5000
    }
    

    {
        Date: Thu Jun 15 2023 
        Time: 20:9:37 
        Label: [Right situation] 
        Level: info: Database is connected...
    }
    

    {
        Date: Thu Jun 15 2023 
        Time: 20:9:37 
        Label: [Right situation] 
        Level: info: Application is listening on port 5000
    }
    

    {
        Date: Thu Jun 15 2023 
        Time: 20:9:41 
        Label: [Right situation] 
        Level: info: Database is connected...
    }
    

    {
        Date: Thu Jun 15 2023 
        Time: 20:9:41 
        Label: [Right situation] 
        Level: info: Application is listening on port 5000
    }
    

    {
        Date: Thu Jun 15 2023 
        Time: 20:12:22 
        Label: [Right situation] 
        Level: info: Database is connected...
    }
    

    {
        Date: Thu Jun 15 2023 
        Time: 20:12:22 
        Label: [Right situation] 
        Level: info: Application is listening on port 5000
    }
    

    {
        Date: Thu Jun 15 2023 
        Time: 20:12:57 
        Label: [Right situation] 
        Level: info: Database is connected...
    }
    

    {
        Date: Thu Jun 15 2023 
        Time: 20:12:57 
        Label: [Right situation] 
        Level: info: Application is listening on port 5000
    }
    

    {
        Date: Thu Jun 15 2023 
        Time: 20:21:33 
        Label: [Right situation] 
        Level: info: Database is connected...
    }
    

    {
        Date: Thu Jun 15 2023 
        Time: 20:21:33 
        Label: [Right situation] 
        Level: info: Application is listening on port 5000
    }
    

    {
        Date: Thu Jun 15 2023 
        Time: 20:25:57 
        Label: [Right situation] 
        Level: info: Database is connected...
    }
    

    {
        Date: Thu Jun 15 2023 
        Time: 20:25:57 
        Label: [Right situation] 
        Level: info: Application is listening on port 5000
    }
    

    {
        Date: Thu Jun 15 2023 
        Time: 20:26:26 
        Label: [Right situation] 
        Level: info: Database is connected...
    }
    

    {
        Date: Thu Jun 15 2023 
        Time: 20:26:26 
        Label: [Right situation] 
        Level: info: Application is listening on port 5000
    }
    

    {
        Date: Thu Jun 15 2023 
        Time: 20:26:47 
        Label: [Right situation] 
        Level: info: Database is connected...
    }
    

    {
        Date: Thu Jun 15 2023 
        Time: 20:26:47 
        Label: [Right situation] 
        Level: info: Application is listening on port 5000
    }
    

    {
        Date: Thu Jun 15 2023 
        Time: 20:49:25 
        Label: [Right situation] 
        Level: info: Database is connected...
    }
    

    {
        Date: Thu Jun 15 2023 
        Time: 20:49:25 
        Label: [Right situation] 
        Level: info: Application is listening on port 5000
    }
    

    {
        Date: Thu Jun 15 2023 
        Time: 20:51:2 
        Label: [Right situation] 
        Level: info: Database is connected...
    }
    

    {
        Date: Thu Jun 15 2023 
        Time: 20:51:2 
        Label: [Right situation] 
        Level: info: Application is listening on port 5000
    }
    
