
    {
        Date: Wed Jun 14 2023 
        Time: 21:14:53 
        Label: [Right situation] 
        Level: info: Database is connected...
    }
    

    {
        Date: Wed Jun 14 2023 
        Time: 21:14:53 
        Label: [Right situation] 
        Level: info: Application is listening on port 5000
    }
    

    {
        Date: Wed Jun 14 2023 
        Time: 21:17:32 
        Label: [Right situation] 
        Level: info: Database is connected...
    }
    

    {
        Date: Wed Jun 14 2023 
        Time: 21:17:32 
        Label: [Right situation] 
        Level: info: Application is listening on port 5000
    }
    

    {
        Date: Wed Jun 14 2023 
        Time: 21:18:26 
        Label: [Right situation] 
        Level: info: Database is connected...
    }
    

    {
        Date: Wed Jun 14 2023 
        Time: 21:18:26 
        Label: [Right situation] 
        Level: info: Application is listening on port 5000
    }
    
