
    {
        Date: Wed Jun 14 2023 
        Time: 11:19:12 
        Label: [Right situation] 
        Level: info: Database is connected...
    }
    

    {
        Date: Wed Jun 14 2023 
        Time: 11:19:12 
        Label: [Right situation] 
        Level: info: Application is listening on port 5000
    }
    

    {
        Date: Wed Jun 14 2023 
        Time: 11:32:19 
        Label: [Right situation] 
        Level: info: Database is connected...
    }
    

    {
        Date: Wed Jun 14 2023 
        Time: 11:32:19 
        Label: [Right situation] 
        Level: info: Application is listening on port 5000
    }
    

    {
        Date: Wed Jun 14 2023 
        Time: 11:37:32 
        Label: [Right situation] 
        Level: info: Database is connected...
    }
    

    {
        Date: Wed Jun 14 2023 
        Time: 11:37:32 
        Label: [Right situation] 
        Level: info: Application is listening on port 5000
    }
    

    {
        Date: Wed Jun 14 2023 
        Time: 11:39:45 
        Label: [Right situation] 
        Level: info: Database is connected...
    }
    

    {
        Date: Wed Jun 14 2023 
        Time: 11:39:45 
        Label: [Right situation] 
        Level: info: Application is listening on port 5000
    }
    

    {
        Date: Wed Jun 14 2023 
        Time: 11:40:18 
        Label: [Right situation] 
        Level: info: Database is connected...
    }
    

    {
        Date: Wed Jun 14 2023 
        Time: 11:40:18 
        Label: [Right situation] 
        Level: info: Application is listening on port 5000
    }
    

    {
        Date: Wed Jun 14 2023 
        Time: 11:41:16 
        Label: [Right situation] 
        Level: info: Database is connected...
    }
    

    {
        Date: Wed Jun 14 2023 
        Time: 11:41:16 
        Label: [Right situation] 
        Level: info: Application is listening on port 5000
    }
    

    {
        Date: Wed Jun 14 2023 
        Time: 11:41:42 
        Label: [Right situation] 
        Level: info: Database is connected...
    }
    

    {
        Date: Wed Jun 14 2023 
        Time: 11:41:42 
        Label: [Right situation] 
        Level: info: Application is listening on port 5000
    }
    

    {
        Date: Wed Jun 14 2023 
        Time: 11:45:0 
        Label: [Right situation] 
        Level: info: Database is connected...
    }
    

    {
        Date: Wed Jun 14 2023 
        Time: 11:45:0 
        Label: [Right situation] 
        Level: info: Application is listening on port 5000
    }
    

    {
        Date: Wed Jun 14 2023 
        Time: 11:45:44 
        Label: [Right situation] 
        Level: info: Database is connected...
    }
    

    {
        Date: Wed Jun 14 2023 
        Time: 11:45:44 
        Label: [Right situation] 
        Level: info: Application is listening on port 5000
    }
    

    {
        Date: Wed Jun 14 2023 
        Time: 11:46:36 
        Label: [Right situation] 
        Level: info: Database is connected...
    }
    

    {
        Date: Wed Jun 14 2023 
        Time: 11:46:36 
        Label: [Right situation] 
        Level: info: Application is listening on port 5000
    }
    

    {
        Date: Wed Jun 14 2023 
        Time: 11:46:45 
        Label: [Right situation] 
        Level: info: Database is connected...
    }
    

    {
        Date: Wed Jun 14 2023 
        Time: 11:46:45 
        Label: [Right situation] 
        Level: info: Application is listening on port 5000
    }
    

    {
        Date: Wed Jun 14 2023 
        Time: 11:47:12 
        Label: [Right situation] 
        Level: info: Database is connected...
    }
    

    {
        Date: Wed Jun 14 2023 
        Time: 11:47:12 
        Label: [Right situation] 
        Level: info: Application is listening on port 5000
    }
    
