
    {
        Date: Thu Jun 15 2023 
        Time: 13:29:32 
        Label: [Right situation] 
        Level: info: Database is connected...
    }
    

    {
        Date: Thu Jun 15 2023 
        Time: 13:29:32 
        Label: [Right situation] 
        Level: info: Application is listening on port 5000
    }
    

    {
        Date: Thu Jun 15 2023 
        Time: 13:32:6 
        Label: [Right situation] 
        Level: info: Database is connected...
    }
    

    {
        Date: Thu Jun 15 2023 
        Time: 13:32:6 
        Label: [Right situation] 
        Level: info: Application is listening on port 5000
    }
    

    {
        Date: Thu Jun 15 2023 
        Time: 13:36:14 
        Label: [Right situation] 
        Level: info: Database is connected...
    }
    

    {
        Date: Thu Jun 15 2023 
        Time: 13:36:14 
        Label: [Right situation] 
        Level: info: Application is listening on port 5000
    }
    

    {
        Date: Thu Jun 15 2023 
        Time: 13:42:30 
        Label: [Right situation] 
        Level: info: Database is connected...
    }
    

    {
        Date: Thu Jun 15 2023 
        Time: 13:42:30 
        Label: [Right situation] 
        Level: info: Application is listening on port 5000
    }
    

    {
        Date: Thu Jun 15 2023 
        Time: 13:43:39 
        Label: [Right situation] 
        Level: info: Database is connected...
    }
    

    {
        Date: Thu Jun 15 2023 
        Time: 13:43:39 
        Label: [Right situation] 
        Level: info: Application is listening on port 5000
    }
    

    {
        Date: Thu Jun 15 2023 
        Time: 13:44:54 
        Label: [Right situation] 
        Level: info: Database is connected...
    }
    

    {
        Date: Thu Jun 15 2023 
        Time: 13:44:54 
        Label: [Right situation] 
        Level: info: Application is listening on port 5000
    }
    
