
    {
        Date: Thu Jun 08 2023 
        Time: 8:20:25 
        Label: [Right situation] 
        Level: info: Database is connected...
    }
    

    {
        Date: Thu Jun 08 2023 
        Time: 8:20:25 
        Label: [Right situation] 
        Level: info: Application is listening on port 5000
    }
    

    {
        Date: Thu Jun 08 2023 
        Time: 8:21:14 
        Label: [Right situation] 
        Level: info: Database is connected...
    }
    

    {
        Date: Thu Jun 08 2023 
        Time: 8:21:14 
        Label: [Right situation] 
        Level: info: Application is listening on port 5000
    }
    

    {
        Date: Thu Jun 08 2023 
        Time: 8:25:8 
        Label: [Right situation] 
        Level: info: Database is connected...
    }
    

    {
        Date: Thu Jun 08 2023 
        Time: 8:25:8 
        Label: [Right situation] 
        Level: info: Application is listening on port 5000
    }
    

    {
        Date: Thu Jun 08 2023 
        Time: 8:25:40 
        Label: [Right situation] 
        Level: info: Database is connected...
    }
    

    {
        Date: Thu Jun 08 2023 
        Time: 8:25:40 
        Label: [Right situation] 
        Level: info: Application is listening on port 5000
    }
    

    {
        Date: Thu Jun 08 2023 
        Time: 8:27:55 
        Label: [Right situation] 
        Level: info: Database is connected...
    }
    

    {
        Date: Thu Jun 08 2023 
        Time: 8:27:55 
        Label: [Right situation] 
        Level: info: Application is listening on port 5000
    }
    

    {
        Date: Thu Jun 08 2023 
        Time: 8:32:18 
        Label: [Right situation] 
        Level: info: Database is connected...
    }
    

    {
        Date: Thu Jun 08 2023 
        Time: 8:32:18 
        Label: [Right situation] 
        Level: info: Application is listening on port 5000
    }
    

    {
        Date: Thu Jun 08 2023 
        Time: 8:37:50 
        Label: [Right situation] 
        Level: info: Database is connected...
    }
    

    {
        Date: Thu Jun 08 2023 
        Time: 8:37:50 
        Label: [Right situation] 
        Level: info: Application is listening on port 5000
    }
    

    {
        Date: Thu Jun 08 2023 
        Time: 8:40:52 
        Label: [Right situation] 
        Level: info: Database is connected...
    }
    

    {
        Date: Thu Jun 08 2023 
        Time: 8:40:52 
        Label: [Right situation] 
        Level: info: Application is listening on port 5000
    }
    

    {
        Date: Thu Jun 08 2023 
        Time: 8:43:29 
        Label: [Right situation] 
        Level: info: Database is connected...
    }
    

    {
        Date: Thu Jun 08 2023 
        Time: 8:43:29 
        Label: [Right situation] 
        Level: info: Application is listening on port 5000
    }
    

    {
        Date: Thu Jun 08 2023 
        Time: 8:48:19 
        Label: [Right situation] 
        Level: info: Database is connected...
    }
    

    {
        Date: Thu Jun 08 2023 
        Time: 8:48:19 
        Label: [Right situation] 
        Level: info: Application is listening on port 5000
    }
    

    {
        Date: Thu Jun 08 2023 
        Time: 8:52:1 
        Label: [Right situation] 
        Level: info: Database is connected...
    }
    

    {
        Date: Thu Jun 08 2023 
        Time: 8:52:1 
        Label: [Right situation] 
        Level: info: Application is listening on port 5000
    }
    

    {
        Date: Thu Jun 08 2023 
        Time: 8:53:18 
        Label: [Right situation] 
        Level: info: Database is connected...
    }
    

    {
        Date: Thu Jun 08 2023 
        Time: 8:53:18 
        Label: [Right situation] 
        Level: info: Application is listening on port 5000
    }
    

    {
        Date: Thu Jun 08 2023 
        Time: 8:58:12 
        Label: [Right situation] 
        Level: info: Database is connected...
    }
    

    {
        Date: Thu Jun 08 2023 
        Time: 8:58:12 
        Label: [Right situation] 
        Level: info: Application is listening on port 5000
    }
    
