
    {
        Date: Wed Jun 14 2023 
        Time: 13:0:55 
        Label: [Right situation] 
        Level: info: Database is connected...
    }
    

    {
        Date: Wed Jun 14 2023 
        Time: 13:0:55 
        Label: [Right situation] 
        Level: info: Application is listening on port 5000
    }
    

    {
        Date: Wed Jun 14 2023 
        Time: 13:1:39 
        Label: [Right situation] 
        Level: info: Database is connected...
    }
    

    {
        Date: Wed Jun 14 2023 
        Time: 13:1:39 
        Label: [Right situation] 
        Level: info: Application is listening on port 5000
    }
    

    {
        Date: Wed Jun 14 2023 
        Time: 13:1:49 
        Label: [Right situation] 
        Level: info: Database is connected...
    }
    

    {
        Date: Wed Jun 14 2023 
        Time: 13:1:49 
        Label: [Right situation] 
        Level: info: Application is listening on port 5000
    }
    

    {
        Date: Wed Jun 14 2023 
        Time: 13:3:37 
        Label: [Right situation] 
        Level: info: Database is connected...
    }
    

    {
        Date: Wed Jun 14 2023 
        Time: 13:3:37 
        Label: [Right situation] 
        Level: info: Application is listening on port 5000
    }
    

    {
        Date: Wed Jun 14 2023 
        Time: 13:8:46 
        Label: [Right situation] 
        Level: info: Database is connected...
    }
    

    {
        Date: Wed Jun 14 2023 
        Time: 13:8:46 
        Label: [Right situation] 
        Level: info: Application is listening on port 5000
    }
    

    {
        Date: Wed Jun 14 2023 
        Time: 13:9:28 
        Label: [Right situation] 
        Level: info: Database is connected...
    }
    

    {
        Date: Wed Jun 14 2023 
        Time: 13:9:28 
        Label: [Right situation] 
        Level: info: Application is listening on port 5000
    }
    

    {
        Date: Wed Jun 14 2023 
        Time: 13:14:55 
        Label: [Right situation] 
        Level: info: Database is connected...
    }
    

    {
        Date: Wed Jun 14 2023 
        Time: 13:14:55 
        Label: [Right situation] 
        Level: info: Application is listening on port 5000
    }
    

    {
        Date: Wed Jun 14 2023 
        Time: 13:16:54 
        Label: [Right situation] 
        Level: info: Database is connected...
    }
    

    {
        Date: Wed Jun 14 2023 
        Time: 13:16:54 
        Label: [Right situation] 
        Level: info: Application is listening on port 5000
    }
    

    {
        Date: Wed Jun 14 2023 
        Time: 13:17:8 
        Label: [Right situation] 
        Level: info: Database is connected...
    }
    

    {
        Date: Wed Jun 14 2023 
        Time: 13:17:8 
        Label: [Right situation] 
        Level: info: Application is listening on port 5000
    }
    

    {
        Date: Wed Jun 14 2023 
        Time: 13:19:6 
        Label: [Right situation] 
        Level: info: Database is connected...
    }
    

    {
        Date: Wed Jun 14 2023 
        Time: 13:19:6 
        Label: [Right situation] 
        Level: info: Application is listening on port 5000
    }
    

    {
        Date: Wed Jun 14 2023 
        Time: 13:19:12 
        Label: [Right situation] 
        Level: info: Database is connected...
    }
    

    {
        Date: Wed Jun 14 2023 
        Time: 13:19:12 
        Label: [Right situation] 
        Level: info: Application is listening on port 5000
    }
    

    {
        Date: Wed Jun 14 2023 
        Time: 13:21:0 
        Label: [Right situation] 
        Level: info: Database is connected...
    }
    

    {
        Date: Wed Jun 14 2023 
        Time: 13:21:0 
        Label: [Right situation] 
        Level: info: Application is listening on port 5000
    }
    
