
    {
        Date: Fri Jun 09 2023 
        Time: 12:13:36 
        Label: [Right situation] 
        Level: info: Database is connected...
    }
    

    {
        Date: Fri Jun 09 2023 
        Time: 12:13:36 
        Label: [Right situation] 
        Level: info: Application is listening on port 5000
    }
    

    {
        Date: Fri Jun 09 2023 
        Time: 12:14:24 
        Label: [Right situation] 
        Level: info: Database is connected...
    }
    

    {
        Date: Fri Jun 09 2023 
        Time: 12:14:24 
        Label: [Right situation] 
        Level: info: Application is listening on port 5000
    }
    

    {
        Date: Fri Jun 09 2023 
        Time: 12:15:26 
        Label: [Right situation] 
        Level: info: Database is connected...
    }
    

    {
        Date: Fri Jun 09 2023 
        Time: 12:15:26 
        Label: [Right situation] 
        Level: info: Application is listening on port 5000
    }
    
