
    {
        Date: Sat Jun 10 2023 
        Time: 13:1:12 
        Label: [Right situation] 
        Level: info: Database is connected...
    }
    

    {
        Date: Sat Jun 10 2023 
        Time: 13:1:12 
        Label: [Right situation] 
        Level: info: Application is listening on port 5000
    }
    

    {
        Date: Sat Jun 10 2023 
        Time: 13:1:22 
        Label: [Right situation] 
        Level: info: Database is connected...
    }
    

    {
        Date: Sat Jun 10 2023 
        Time: 13:1:22 
        Label: [Right situation] 
        Level: info: Application is listening on port 5000
    }
    

    {
        Date: Sat Jun 10 2023 
        Time: 13:9:16 
        Label: [Right situation] 
        Level: info: Database is connected...
    }
    

    {
        Date: Sat Jun 10 2023 
        Time: 13:9:16 
        Label: [Right situation] 
        Level: info: Application is listening on port 5000
    }
    

    {
        Date: Sat Jun 10 2023 
        Time: 13:18:49 
        Label: [Right situation] 
        Level: info: Database is connected...
    }
    

    {
        Date: Sat Jun 10 2023 
        Time: 13:18:49 
        Label: [Right situation] 
        Level: info: Application is listening on port 5000
    }
    

    {
        Date: Sat Jun 10 2023 
        Time: 13:18:58 
        Label: [Right situation] 
        Level: info: Database is connected...
    }
    

    {
        Date: Sat Jun 10 2023 
        Time: 13:18:58 
        Label: [Right situation] 
        Level: info: Application is listening on port 5000
    }
    

    {
        Date: Sat Jun 10 2023 
        Time: 13:22:23 
        Label: [Right situation] 
        Level: info: Database is connected...
    }
    

    {
        Date: Sat Jun 10 2023 
        Time: 13:22:23 
        Label: [Right situation] 
        Level: info: Application is listening on port 5000
    }
    

    {
        Date: Sat Jun 10 2023 
        Time: 13:28:6 
        Label: [Right situation] 
        Level: info: Database is connected...
    }
    

    {
        Date: Sat Jun 10 2023 
        Time: 13:28:6 
        Label: [Right situation] 
        Level: info: Application is listening on port 5000
    }
    

    {
        Date: Sat Jun 10 2023 
        Time: 13:28:45 
        Label: [Right situation] 
        Level: info: Database is connected...
    }
    

    {
        Date: Sat Jun 10 2023 
        Time: 13:28:45 
        Label: [Right situation] 
        Level: info: Application is listening on port 5000
    }
    

    {
        Date: Sat Jun 10 2023 
        Time: 13:29:1 
        Label: [Right situation] 
        Level: info: Database is connected...
    }
    

    {
        Date: Sat Jun 10 2023 
        Time: 13:29:1 
        Label: [Right situation] 
        Level: info: Application is listening on port 5000
    }
    

    {
        Date: Sat Jun 10 2023 
        Time: 13:29:33 
        Label: [Right situation] 
        Level: info: Database is connected...
    }
    

    {
        Date: Sat Jun 10 2023 
        Time: 13:29:33 
        Label: [Right situation] 
        Level: info: Application is listening on port 5000
    }
    

    {
        Date: Sat Jun 10 2023 
        Time: 13:29:40 
        Label: [Right situation] 
        Level: info: Database is connected...
    }
    

    {
        Date: Sat Jun 10 2023 
        Time: 13:29:40 
        Label: [Right situation] 
        Level: info: Application is listening on port 5000
    }
    

    {
        Date: Sat Jun 10 2023 
        Time: 13:31:0 
        Label: [Right situation] 
        Level: info: Database is connected...
    }
    

    {
        Date: Sat Jun 10 2023 
        Time: 13:31:0 
        Label: [Right situation] 
        Level: info: Application is listening on port 5000
    }
    

    {
        Date: Sat Jun 10 2023 
        Time: 13:32:5 
        Label: [Right situation] 
        Level: info: Database is connected...
    }
    

    {
        Date: Sat Jun 10 2023 
        Time: 13:32:5 
        Label: [Right situation] 
        Level: info: Application is listening on port 5000
    }
    

    {
        Date: Sat Jun 10 2023 
        Time: 13:32:56 
        Label: [Right situation] 
        Level: info: Database is connected...
    }
    

    {
        Date: Sat Jun 10 2023 
        Time: 13:32:56 
        Label: [Right situation] 
        Level: info: Application is listening on port 5000
    }
    
