
    {
        Date: Thu Jun 08 2023 
        Time: 7:20:20 
        Label: [Right situation] 
        Level: info: Database is connected...
    }
    

    {
        Date: Thu Jun 08 2023 
        Time: 7:20:20 
        Label: [Right situation] 
        Level: info: Application is listening on port 5000
    }
    

    {
        Date: Thu Jun 08 2023 
        Time: 7:47:42 
        Label: [Right situation] 
        Level: info: Database is connected...
    }
    

    {
        Date: Thu Jun 08 2023 
        Time: 7:47:42 
        Label: [Right situation] 
        Level: info: Application is listening on port 5000
    }
    

    {
        Date: Thu Jun 08 2023 
        Time: 7:51:13 
        Label: [Right situation] 
        Level: info: Database is connected...
    }
    

    {
        Date: Thu Jun 08 2023 
        Time: 7:51:13 
        Label: [Right situation] 
        Level: info: Application is listening on port 5000
    }
    

    {
        Date: Thu Jun 08 2023 
        Time: 7:53:47 
        Label: [Right situation] 
        Level: info: Database is connected...
    }
    

    {
        Date: Thu Jun 08 2023 
        Time: 7:53:47 
        Label: [Right situation] 
        Level: info: Application is listening on port 5000
    }
    

    {
        Date: Thu Jun 08 2023 
        Time: 7:58:8 
        Label: [Right situation] 
        Level: info: Database is connected...
    }
    

    {
        Date: Thu Jun 08 2023 
        Time: 7:58:8 
        Label: [Right situation] 
        Level: info: Application is listening on port 5000
    }
    

    {
        Date: Thu Jun 08 2023 
        Time: 7:59:18 
        Label: [Right situation] 
        Level: info: Database is connected...
    }
    

    {
        Date: Thu Jun 08 2023 
        Time: 7:59:18 
        Label: [Right situation] 
        Level: info: Application is listening on port 5000
    }
    
