
    {
        Date: Tue Jun 13 2023 
        Time: 20:20:56 
        Label: [Right situation] 
        Level: info: Database is connected...
    }
    

    {
        Date: Tue Jun 13 2023 
        Time: 20:20:56 
        Label: [Right situation] 
        Level: info: Application is listening on port 5000
    }
    

    {
        Date: Tue Jun 13 2023 
        Time: 20:22:36 
        Label: [Right situation] 
        Level: info: Database is connected...
    }
    

    {
        Date: Tue Jun 13 2023 
        Time: 20:22:36 
        Label: [Right situation] 
        Level: info: Application is listening on port 5000
    }
    

    {
        Date: Tue Jun 13 2023 
        Time: 20:39:25 
        Label: [Right situation] 
        Level: info: Database is connected...
    }
    

    {
        Date: Tue Jun 13 2023 
        Time: 20:39:25 
        Label: [Right situation] 
        Level: info: Application is listening on port 5000
    }
    

    {
        Date: Tue Jun 13 2023 
        Time: 20:53:22 
        Label: [Right situation] 
        Level: info: Database is connected...
    }
    

    {
        Date: Tue Jun 13 2023 
        Time: 20:53:22 
        Label: [Right situation] 
        Level: info: Application is listening on port 5000
    }
    

    {
        Date: Tue Jun 13 2023 
        Time: 20:56:32 
        Label: [Right situation] 
        Level: info: Database is connected...
    }
    

    {
        Date: Tue Jun 13 2023 
        Time: 20:56:32 
        Label: [Right situation] 
        Level: info: Application is listening on port 5000
    }
    

    {
        Date: Tue Jun 13 2023 
        Time: 20:56:51 
        Label: [Right situation] 
        Level: info: Database is connected...
    }
    

    {
        Date: Tue Jun 13 2023 
        Time: 20:56:51 
        Label: [Right situation] 
        Level: info: Application is listening on port 5000
    }
    

    {
        Date: Tue Jun 13 2023 
        Time: 20:57:45 
        Label: [Right situation] 
        Level: info: Database is connected...
    }
    

    {
        Date: Tue Jun 13 2023 
        Time: 20:57:45 
        Label: [Right situation] 
        Level: info: Application is listening on port 5000
    }
    

    {
        Date: Tue Jun 13 2023 
        Time: 20:58:5 
        Label: [Right situation] 
        Level: info: Database is connected...
    }
    

    {
        Date: Tue Jun 13 2023 
        Time: 20:58:5 
        Label: [Right situation] 
        Level: info: Application is listening on port 5000
    }
    
