
    {
        Date: Wed Jun 14 2023 
        Time: 20:7:37 
        Label: [Right situation] 
        Level: info: Database is connected...
    }
    

    {
        Date: Wed Jun 14 2023 
        Time: 20:7:37 
        Label: [Right situation] 
        Level: info: Application is listening on port 5000
    }
    

    {
        Date: Wed Jun 14 2023 
        Time: 20:22:57 
        Label: [Right situation] 
        Level: info: Database is connected...
    }
    

    {
        Date: Wed Jun 14 2023 
        Time: 20:22:57 
        Label: [Right situation] 
        Level: info: Application is listening on port 5000
    }
    
