
    {
        Date: Wed Jun 14 2023 
        Time: 12:2:54 
        Label: [Right situation] 
        Level: info: Database is connected...
    }
    

    {
        Date: Wed Jun 14 2023 
        Time: 12:2:54 
        Label: [Right situation] 
        Level: info: Application is listening on port 5000
    }
    

    {
        Date: Wed Jun 14 2023 
        Time: 12:3:51 
        Label: [Right situation] 
        Level: info: Database is connected...
    }
    

    {
        Date: Wed Jun 14 2023 
        Time: 12:3:51 
        Label: [Right situation] 
        Level: info: Application is listening on port 5000
    }
    

    {
        Date: Wed Jun 14 2023 
        Time: 12:4:33 
        Label: [Right situation] 
        Level: info: Database is connected...
    }
    

    {
        Date: Wed Jun 14 2023 
        Time: 12:4:33 
        Label: [Right situation] 
        Level: info: Application is listening on port 5000
    }
    

    {
        Date: Wed Jun 14 2023 
        Time: 12:4:52 
        Label: [Right situation] 
        Level: info: Database is connected...
    }
    

    {
        Date: Wed Jun 14 2023 
        Time: 12:4:52 
        Label: [Right situation] 
        Level: info: Application is listening on port 5000
    }
    

    {
        Date: Wed Jun 14 2023 
        Time: 12:5:21 
        Label: [Right situation] 
        Level: info: Database is connected...
    }
    

    {
        Date: Wed Jun 14 2023 
        Time: 12:5:21 
        Label: [Right situation] 
        Level: info: Application is listening on port 5000
    }
    

    {
        Date: Wed Jun 14 2023 
        Time: 12:7:43 
        Label: [Right situation] 
        Level: info: Database is connected...
    }
    

    {
        Date: Wed Jun 14 2023 
        Time: 12:7:43 
        Label: [Right situation] 
        Level: info: Application is listening on port 5000
    }
    

    {
        Date: Wed Jun 14 2023 
        Time: 12:12:48 
        Label: [Right situation] 
        Level: info: Database is connected...
    }
    

    {
        Date: Wed Jun 14 2023 
        Time: 12:12:48 
        Label: [Right situation] 
        Level: info: Application is listening on port 5000
    }
    

    {
        Date: Wed Jun 14 2023 
        Time: 12:14:28 
        Label: [Right situation] 
        Level: info: Database is connected...
    }
    

    {
        Date: Wed Jun 14 2023 
        Time: 12:14:28 
        Label: [Right situation] 
        Level: info: Application is listening on port 5000
    }
    

    {
        Date: Wed Jun 14 2023 
        Time: 12:24:25 
        Label: [Right situation] 
        Level: info: Database is connected...
    }
    

    {
        Date: Wed Jun 14 2023 
        Time: 12:24:25 
        Label: [Right situation] 
        Level: info: Application is listening on port 5000
    }
    

    {
        Date: Wed Jun 14 2023 
        Time: 12:24:48 
        Label: [Right situation] 
        Level: info: Database is connected...
    }
    

    {
        Date: Wed Jun 14 2023 
        Time: 12:24:48 
        Label: [Right situation] 
        Level: info: Application is listening on port 5000
    }
    

    {
        Date: Wed Jun 14 2023 
        Time: 12:33:7 
        Label: [Right situation] 
        Level: info: Database is connected...
    }
    

    {
        Date: Wed Jun 14 2023 
        Time: 12:33:7 
        Label: [Right situation] 
        Level: info: Application is listening on port 5000
    }
    

    {
        Date: Wed Jun 14 2023 
        Time: 12:45:37 
        Label: [Right situation] 
        Level: info: Database is connected...
    }
    

    {
        Date: Wed Jun 14 2023 
        Time: 12:45:37 
        Label: [Right situation] 
        Level: info: Application is listening on port 5000
    }
    
