
    {
        Date: Mon Jun 05 2023 
        Time: 10:55:26 
        Label: [Right situation] 
        Level: info: Database is connected...
    }
    

    {
        Date: Mon Jun 05 2023 
        Time: 10:55:26 
        Label: [Right situation] 
        Level: info: Application is listening on port 5000
    }
    

    {
        Date: Mon Jun 05 2023 
        Time: 10:56:10 
        Label: [Right situation] 
        Level: info: Database is connected...
    }
    

    {
        Date: Mon Jun 05 2023 
        Time: 10:56:10 
        Label: [Right situation] 
        Level: info: Application is listening on port 5000
    }
    

    {
        Date: Mon Jun 05 2023 
        Time: 10:57:49 
        Label: [Right situation] 
        Level: info: Database is connected...
    }
    

    {
        Date: Mon Jun 05 2023 
        Time: 10:57:49 
        Label: [Right situation] 
        Level: info: Application is listening on port 5000
    }
    

    {
        Date: Mon Jun 05 2023 
        Time: 10:57:59 
        Label: [Right situation] 
        Level: info: Database is connected...
    }
    

    {
        Date: Mon Jun 05 2023 
        Time: 10:57:59 
        Label: [Right situation] 
        Level: info: Application is listening on port 5000
    }
    

    {
        Date: Mon Jun 05 2023 
        Time: 10:58:27 
        Label: [Right situation] 
        Level: info: Database is connected...
    }
    

    {
        Date: Mon Jun 05 2023 
        Time: 10:58:27 
        Label: [Right situation] 
        Level: info: Application is listening on port 5000
    }
    
