
    {
        Date: Sat Jun 10 2023 
        Time: 11:15:37 
        Label: [Right situation] 
        Level: info: Database is connected...
    }
    

    {
        Date: Sat Jun 10 2023 
        Time: 11:15:37 
        Label: [Right situation] 
        Level: info: Application is listening on port 5000
    }
    

    {
        Date: Sat Jun 10 2023 
        Time: 11:26:37 
        Label: [Right situation] 
        Level: info: Database is connected...
    }
    

    {
        Date: Sat Jun 10 2023 
        Time: 11:26:37 
        Label: [Right situation] 
        Level: info: Application is listening on port 5000
    }
    

    {
        Date: Sat Jun 10 2023 
        Time: 11:28:23 
        Label: [Right situation] 
        Level: info: Database is connected...
    }
    

    {
        Date: Sat Jun 10 2023 
        Time: 11:28:23 
        Label: [Right situation] 
        Level: info: Application is listening on port 5000
    }
    
