
    {
        Date: Mon Jun 12 2023 
        Time: 19:0:40 
        Label: [Right situation] 
        Level: info: Database is connected...
    }
    

    {
        Date: Mon Jun 12 2023 
        Time: 19:0:40 
        Label: [Right situation] 
        Level: info: Application is listening on port 5000
    }
    

    {
        Date: Mon Jun 12 2023 
        Time: 19:6:6 
        Label: [Right situation] 
        Level: info: Database is connected...
    }
    

    {
        Date: Mon Jun 12 2023 
        Time: 19:6:6 
        Label: [Right situation] 
        Level: info: Application is listening on port 5000
    }
    

    {
        Date: Mon Jun 12 2023 
        Time: 19:9:5 
        Label: [Right situation] 
        Level: info: Database is connected...
    }
    

    {
        Date: Mon Jun 12 2023 
        Time: 19:9:5 
        Label: [Right situation] 
        Level: info: Application is listening on port 5000
    }
    

    {
        Date: Mon Jun 12 2023 
        Time: 19:11:5 
        Label: [Right situation] 
        Level: info: Database is connected...
    }
    

    {
        Date: Mon Jun 12 2023 
        Time: 19:11:5 
        Label: [Right situation] 
        Level: info: Application is listening on port 5000
    }
    

    {
        Date: Mon Jun 12 2023 
        Time: 19:13:38 
        Label: [Right situation] 
        Level: info: Database is connected...
    }
    

    {
        Date: Mon Jun 12 2023 
        Time: 19:13:38 
        Label: [Right situation] 
        Level: info: Application is listening on port 5000
    }
    

    {
        Date: Mon Jun 12 2023 
        Time: 19:14:39 
        Label: [Right situation] 
        Level: info: Database is connected...
    }
    

    {
        Date: Mon Jun 12 2023 
        Time: 19:14:39 
        Label: [Right situation] 
        Level: info: Application is listening on port 5000
    }
    

    {
        Date: Mon Jun 12 2023 
        Time: 19:20:35 
        Label: [Right situation] 
        Level: info: Database is connected...
    }
    

    {
        Date: Mon Jun 12 2023 
        Time: 19:20:35 
        Label: [Right situation] 
        Level: info: Application is listening on port 5000
    }
    
