
    {
        Date: Tue Jun 13 2023 
        Time: 21:0:19 
        Label: [Right situation] 
        Level: info: Database is connected...
    }
    

    {
        Date: Tue Jun 13 2023 
        Time: 21:0:19 
        Label: [Right situation] 
        Level: info: Application is listening on port 5000
    }
    

    {
        Date: Tue Jun 13 2023 
        Time: 21:0:23 
        Label: [Right situation] 
        Level: info: Database is connected...
    }
    

    {
        Date: Tue Jun 13 2023 
        Time: 21:0:23 
        Label: [Right situation] 
        Level: info: Application is listening on port 5000
    }
    

    {
        Date: Tue Jun 13 2023 
        Time: 21:0:35 
        Label: [Right situation] 
        Level: info: Database is connected...
    }
    

    {
        Date: Tue Jun 13 2023 
        Time: 21:0:35 
        Label: [Right situation] 
        Level: info: Application is listening on port 5000
    }
    
