
    {
        Date: Mon Jun 12 2023 
        Time: 9:22:9 
        Label: [DANGER] 
        Level: error: globalErrorHandler+=+=+= [
  {
    "code": "invalid_type",
    "expected": "string",
    "received": "undefined",
    "path": [
      "body",
      "year"
    ],
    "message": "Year is required"
  },
  {
    "expected": "'01' | '02' | '03'",
    "received": "undefined",
    "code": "invalid_type",
    "path": [
      "body",
      "code"
    ],
    "message": "Code is required"
  },
  {
    "expected": "'January' | 'February' | 'March' | 'April' | 'May' | 'June' | 'July' | 'August' | 'September' | 'October' | 'November' | 'December'",
    "received": "undefined",
    "code": "invalid_type",
    "path": [
      "body",
      "startMonth"
    ],
    "message": "Start Month is required"
  },
  {
    "expected": "'January' | 'February' | 'March' | 'April' | 'May' | 'June' | 'July' | 'August' | 'September' | 'October' | 'November' | 'December'",
    "received": "undefined",
    "code": "invalid_type",
    "path": [
      "body",
      "endMonth"
    ],
    "message": "End Month is required"
  }
]
    }
    

    {
        Date: Mon Jun 12 2023 
        Time: 9:24:15 
        Label: [DANGER] 
        Level: error: globalErrorHandler+=+=+= [
  {
    "code": "custom",
    "message": "Either both title and code should be provide or neither",
    "path": []
  }
]
    }
    

    {
        Date: Mon Jun 12 2023 
        Time: 9:30:6 
        Label: [DANGER] 
        Level: error: globalErrorHandler+=+=+= Invalid Semester Code
    }
    
