
    {
        Date: Tue Jun 13 2023 
        Time: 11:1:11 
        Label: [DANGER] 
        Level: error: globalErrorHandler+=+=+=
    }
    

    {
        Date: Tue Jun 13 2023 
        Time: 11:1:17 
        Label: [DANGER] 
        Level: error: globalErrorHandler+=+=+=
    }
    

    {
        Date: Tue Jun 13 2023 
        Time: 11:2:30 
        Label: [DANGER] 
        Level: error: globalErrorHandler+=+=+=
    }
    

    {
        Date: Tue Jun 13 2023 
        Time: 11:2:32 
        Label: [DANGER] 
        Level: error: globalErrorHandler+=+=+=
    }
    

    {
        Date: Tue Jun 13 2023 
        Time: 11:11:46 
        Label: [DANGER] 
        Level: error: globalErrorHandler+=+=+=
    }
    

    {
        Date: Tue Jun 13 2023 
        Time: 11:12:7 
        Label: [DANGER] 
        Level: error: globalErrorHandler+=+=+=
    }
    
