
    {
        Date: Thu Jun 08 2023 
        Time: 8:24:11 
        Label: [DANGER] 
        Level: error: globalErrorHandler+=+=+= [
  {
    "code": "invalid_type",
    "expected": "string",
    "received": "undefined",
    "path": [
      "body",
      "role"
    ],
    "message": "role is required"
  }
]
    }
    

    {
        Date: Thu Jun 08 2023 
        Time: 8:25:12 
        Label: [DANGER] 
        Level: error: globalErrorHandler+=+=+= [
  {
    "code": "invalid_type",
    "expected": "string",
    "received": "undefined",
    "path": [
      "body",
      "role"
    ],
    "message": "role is required"
  }
]
    }
    

    {
        Date: Thu Jun 08 2023 
        Time: 8:27:0 
        Label: [DANGER] 
        Level: error: globalErrorHandler+=+=+= [
  {
    "code": "invalid_type",
    "expected": "string",
    "received": "undefined",
    "path": [
      "body",
      "role"
    ],
    "message": "role is required"
  }
]
    }
    

    {
        Date: Thu Jun 08 2023 
        Time: 8:43:31 
        Label: [DANGER] 
        Level: error: globalErrorHandler+=+=+= [
  {
    "code": "invalid_type",
    "expected": "string",
    "received": "undefined",
    "path": [
      "body",
      "role"
    ],
    "message": "role is required"
  }
]
    }
    

    {
        Date: Thu Jun 08 2023 
        Time: 8:58:31 
        Label: [DANGER] 
        Level: error: globalErrorHandler+=+=+= [
  {
    "code": "invalid_type",
    "expected": "string",
    "received": "undefined",
    "path": [
      "body",
      "role"
    ],
    "message": "role is required"
  }
]
    }
    
