
    {
        Date: Fri Jun 09 2023 
        Time: 11:6:58 
        Label: [DANGER] 
        Level: error: globalErrorHandler+=+=+= Academic Semester is already exist
    }
    

    {
        Date: Fri Jun 09 2023 
        Time: 11:9:31 
        Label: [DANGER] 
        Level: error: globalErrorHandler+=+=+= Academic Semester is already exist
    }
    

    {
        Date: Fri Jun 09 2023 
        Time: 11:22:27 
        Label: [DANGER] 
        Level: error: globalErrorHandler+=+=+= Invalid Semester Code
    }
    

    {
        Date: Fri Jun 09 2023 
        Time: 11:34:58 
        Label: [DANGER] 
        Level: error: globalErrorHandler+=+=+= Academic Semester is already exist
    }
    
